{"C:\\Users\\wande\\Documents\\200406-java-react\\Kennedy_Wandelt_p1\\src\\error\\error.ts": {"path":"C:\\Users\\wande\\Documents\\200406-java-react\\Kennedy_Wandelt_p1\\src\\error\\error.ts","statementMap":{"0":{"start":{"line":1,"column":0},"end":{"line":1,"column":null}},"1":{"start":{"line":9,"column":8},"end":{"line":9,"column":37}},"2":{"start":{"line":10,"column":8},"end":{"line":10,"column":54}},"3":{"start":{"line":11,"column":8},"end":{"line":11,"column":36}},"4":{"start":{"line":12,"column":8},"end":{"line":12,"column":72}},"5":{"start":{"line":15,"column":4},"end":{"line":17,"column":null}},"6":{"start":{"line":16,"column":8},"end":{"line":16,"column":31}},"7":{"start":{"line":18,"column":0},"end":{"line":18,"column":null}},"8":{"start":{"line":21,"column":0},"end":{"line":21,"column":null}},"9":{"start":{"line":21,"column":36},"end":{"line":21,"column":52}},"10":{"start":{"line":24,"column":8},"end":{"line":24,"column":null}},"11":{"start":{"line":25,"column":8},"end":{"line":25,"column":43}},"12":{"start":{"line":27,"column":0},"end":{"line":27,"column":null}},"13":{"start":{"line":72,"column":4},"end":{"line":72,"column":25}},"14":{"start":{"line":30,"column":0},"end":{"line":30,"column":null}},"15":{"start":{"line":30,"column":30},"end":{"line":30,"column":46}},"16":{"start":{"line":33,"column":8},"end":{"line":33,"column":null}},"17":{"start":{"line":34,"column":8},"end":{"line":34,"column":56}},"18":{"start":{"line":36,"column":0},"end":{"line":36,"column":null}},"19":{"start":{"line":73,"column":4},"end":{"line":73,"column":19}},"20":{"start":{"line":39,"column":0},"end":{"line":39,"column":null}},"21":{"start":{"line":39,"column":35},"end":{"line":39,"column":51}},"22":{"start":{"line":42,"column":8},"end":{"line":42,"column":null}},"23":{"start":{"line":43,"column":8},"end":{"line":43,"column":48}},"24":{"start":{"line":45,"column":0},"end":{"line":45,"column":null}},"25":{"start":{"line":74,"column":4},"end":{"line":74,"column":24}},"26":{"start":{"line":47,"column":0},"end":{"line":47,"column":null}},"27":{"start":{"line":47,"column":34},"end":{"line":47,"column":50}},"28":{"start":{"line":50,"column":8},"end":{"line":50,"column":null}},"29":{"start":{"line":51,"column":8},"end":{"line":51,"column":56}},"30":{"start":{"line":53,"column":0},"end":{"line":53,"column":null}},"31":{"start":{"line":75,"column":4},"end":{"line":75,"column":23}},"32":{"start":{"line":55,"column":0},"end":{"line":55,"column":null}},"33":{"start":{"line":55,"column":34},"end":{"line":55,"column":50}},"34":{"start":{"line":58,"column":8},"end":{"line":58,"column":null}},"35":{"start":{"line":59,"column":8},"end":{"line":59,"column":69}},"36":{"start":{"line":61,"column":0},"end":{"line":61,"column":null}},"37":{"start":{"line":76,"column":4},"end":{"line":76,"column":23}},"38":{"start":{"line":63,"column":0},"end":{"line":63,"column":null}},"39":{"start":{"line":63,"column":33},"end":{"line":63,"column":49}},"40":{"start":{"line":66,"column":8},"end":{"line":66,"column":null}},"41":{"start":{"line":67,"column":8},"end":{"line":67,"column":null}},"42":{"start":{"line":69,"column":0},"end":{"line":69,"column":null}},"43":{"start":{"line":77,"column":4},"end":{"line":77,"column":22}}},"fnMap":{"0":{"name":"(anonymous_6)","decl":{"start":{"line":1,"column":0},"end":{"line":1,"column":null}},"loc":{"start":{"line":1,"column":0},"end":{"line":18,"column":null}}},"1":{"name":"ApplicationError","decl":{"start":{"line":8,"column":4},"end":{"line":8,"column":16}},"loc":{"start":{"line":8,"column":48},"end":{"line":13,"column":5}}},"2":{"name":"(anonymous_8)","decl":{"start":{"line":15,"column":4},"end":{"line":15,"column":14}},"loc":{"start":{"line":15,"column":29},"end":{"line":17,"column":5}}},"3":{"name":"(anonymous_9)","decl":{"start":{"line":21,"column":0},"end":{"line":21,"column":36}},"loc":{"start":{"line":21,"column":0},"end":{"line":27,"column":null}}},"4":{"name":"ResourceNotFoundError","decl":{"start":{"line":23,"column":4},"end":{"line":23,"column":16}},"loc":{"start":{"line":23,"column":31},"end":{"line":26,"column":5}}},"5":{"name":"(anonymous_11)","decl":{"start":{"line":30,"column":0},"end":{"line":30,"column":30}},"loc":{"start":{"line":30,"column":0},"end":{"line":36,"column":null}}},"6":{"name":"BadRequestError","decl":{"start":{"line":32,"column":4},"end":{"line":32,"column":16}},"loc":{"start":{"line":32,"column":31},"end":{"line":35,"column":5}}},"7":{"name":"(anonymous_13)","decl":{"start":{"line":39,"column":0},"end":{"line":39,"column":35}},"loc":{"start":{"line":39,"column":0},"end":{"line":45,"column":null}}},"8":{"name":"DataPersistanceError","decl":{"start":{"line":41,"column":4},"end":{"line":41,"column":16}},"loc":{"start":{"line":41,"column":31},"end":{"line":44,"column":5}}},"9":{"name":"(anonymous_15)","decl":{"start":{"line":47,"column":0},"end":{"line":47,"column":34}},"loc":{"start":{"line":47,"column":0},"end":{"line":53,"column":null}}},"10":{"name":"InternalServerError","decl":{"start":{"line":49,"column":4},"end":{"line":49,"column":16}},"loc":{"start":{"line":49,"column":31},"end":{"line":52,"column":5}}},"11":{"name":"(anonymous_17)","decl":{"start":{"line":55,"column":0},"end":{"line":55,"column":34}},"loc":{"start":{"line":55,"column":0},"end":{"line":61,"column":null}}},"12":{"name":"AuthenticationError","decl":{"start":{"line":57,"column":4},"end":{"line":57,"column":16}},"loc":{"start":{"line":57,"column":31},"end":{"line":60,"column":5}}},"13":{"name":"(anonymous_19)","decl":{"start":{"line":63,"column":0},"end":{"line":63,"column":33}},"loc":{"start":{"line":63,"column":0},"end":{"line":69,"column":null}}},"14":{"name":"AuthorizationError","decl":{"start":{"line":65,"column":4},"end":{"line":65,"column":16}},"loc":{"start":{"line":65,"column":31},"end":{"line":68,"column":5}}}},"branchMap":{"0":{"loc":{"start":{"line":12,"column":15},"end":{"line":12,"column":32}},"type":"cond-expr","locations":[{"start":{"line":12,"column":15},"end":{"line":12,"column":32}},{"start":{"line":12,"column":36},"end":{"line":12,"column":71}}]},"1":{"loc":{"start":{"line":24,"column":8},"end":{"line":24,"column":26}},"type":"binary-expr","locations":[{"start":{"line":24,"column":8},"end":{"line":24,"column":26}},{"start":{"line":24,"column":26},"end":{"line":24,"column":null}}]},"2":{"loc":{"start":{"line":33,"column":8},"end":{"line":33,"column":26}},"type":"binary-expr","locations":[{"start":{"line":33,"column":8},"end":{"line":33,"column":26}},{"start":{"line":33,"column":26},"end":{"line":33,"column":null}}]},"3":{"loc":{"start":{"line":42,"column":8},"end":{"line":42,"column":26}},"type":"binary-expr","locations":[{"start":{"line":42,"column":8},"end":{"line":42,"column":26}},{"start":{"line":42,"column":26},"end":{"line":42,"column":null}}]},"4":{"loc":{"start":{"line":50,"column":8},"end":{"line":50,"column":26}},"type":"binary-expr","locations":[{"start":{"line":50,"column":8},"end":{"line":50,"column":26}},{"start":{"line":50,"column":26},"end":{"line":50,"column":null}}]},"5":{"loc":{"start":{"line":58,"column":8},"end":{"line":58,"column":26}},"type":"binary-expr","locations":[{"start":{"line":58,"column":8},"end":{"line":58,"column":26}},{"start":{"line":58,"column":26},"end":{"line":58,"column":null}}]},"6":{"loc":{"start":{"line":66,"column":8},"end":{"line":66,"column":26}},"type":"binary-expr","locations":[{"start":{"line":66,"column":8},"end":{"line":66,"column":26}},{"start":{"line":66,"column":26},"end":{"line":66,"column":null}}]}},"s":{"0":4,"1":13,"2":13,"3":13,"4":13,"5":4,"6":13,"7":4,"8":4,"9":4,"10":2,"11":2,"12":4,"13":4,"14":4,"15":4,"16":5,"17":5,"18":4,"19":4,"20":4,"21":4,"22":0,"23":0,"24":4,"25":4,"26":4,"27":4,"28":6,"29":6,"30":4,"31":4,"32":4,"33":4,"34":0,"35":0,"36":4,"37":4,"38":4,"39":4,"40":0,"41":0,"42":4,"43":4},"f":{"0":4,"1":13,"2":13,"3":4,"4":2,"5":4,"6":5,"7":4,"8":0,"9":4,"10":6,"11":4,"12":0,"13":4,"14":0},"b":{"0":[13,0],"1":[2,2],"2":[5,5],"3":[0,0],"4":[6,6],"5":[0,0],"6":[0,0]}}
,"C:\\Users\\wande\\Documents\\200406-java-react\\Kennedy_Wandelt_p1\\src\\models\\newReimb.ts": {"path":"C:\\Users\\wande\\Documents\\200406-java-react\\Kennedy_Wandelt_p1\\src\\models\\newReimb.ts","statementMap":{"0":{"start":{"line":1,"column":0},"end":{"line":1,"column":13}},"1":{"start":{"line":11,"column":8},"end":{"line":11,"column":29}},"2":{"start":{"line":12,"column":8},"end":{"line":12,"column":35}},"3":{"start":{"line":13,"column":8},"end":{"line":13,"column":39}},"4":{"start":{"line":14,"column":8},"end":{"line":14,"column":35}},"5":{"start":{"line":15,"column":8},"end":{"line":15,"column":43}},"6":{"start":{"line":16,"column":8},"end":{"line":16,"column":47}},"7":{"start":{"line":18,"column":0},"end":{"line":18,"column":null}},"8":{"start":{"line":1,"column":13},"end":{"line":1,"column":29}}},"fnMap":{"0":{"name":"(anonymous_0)","decl":{"start":{"line":1,"column":0},"end":{"line":1,"column":13}},"loc":{"start":{"line":1,"column":0},"end":{"line":18,"column":null}}},"1":{"name":"NewReimbursement","decl":{"start":{"line":10,"column":4},"end":{"line":10,"column":17}},"loc":{"start":{"line":10,"column":145},"end":{"line":17,"column":5}}}},"branchMap":{},"s":{"0":2,"1":4,"2":4,"3":4,"4":4,"5":4,"6":4,"7":2,"8":2},"f":{"0":2,"1":4},"b":{}}
,"C:\\Users\\wande\\Documents\\200406-java-react\\Kennedy_Wandelt_p1\\src\\models\\newUser.ts": {"path":"C:\\Users\\wande\\Documents\\200406-java-react\\Kennedy_Wandelt_p1\\src\\models\\newUser.ts","statementMap":{"0":{"start":{"line":1,"column":0},"end":{"line":1,"column":13}},"1":{"start":{"line":11,"column":8},"end":{"line":11,"column":33}},"2":{"start":{"line":12,"column":8},"end":{"line":12,"column":33}},"3":{"start":{"line":13,"column":8},"end":{"line":13,"column":37}},"4":{"start":{"line":14,"column":8},"end":{"line":14,"column":35}},"5":{"start":{"line":15,"column":8},"end":{"line":15,"column":27}},"6":{"start":{"line":16,"column":8},"end":{"line":16,"column":31}},"7":{"start":{"line":18,"column":0},"end":{"line":18,"column":null}},"8":{"start":{"line":1,"column":13},"end":{"line":1,"column":20}}},"fnMap":{"0":{"name":"(anonymous_0)","decl":{"start":{"line":1,"column":0},"end":{"line":1,"column":13}},"loc":{"start":{"line":1,"column":0},"end":{"line":18,"column":null}}},"1":{"name":"NewUser","decl":{"start":{"line":10,"column":4},"end":{"line":10,"column":17}},"loc":{"start":{"line":10,"column":122},"end":{"line":17,"column":5}}}},"branchMap":{},"s":{"0":2,"1":4,"2":4,"3":4,"4":4,"5":4,"6":4,"7":2,"8":2},"f":{"0":2,"1":4},"b":{}}
,"C:\\Users\\wande\\Documents\\200406-java-react\\Kennedy_Wandelt_p1\\src\\models\\reimb.ts": {"path":"C:\\Users\\wande\\Documents\\200406-java-react\\Kennedy_Wandelt_p1\\src\\models\\reimb.ts","statementMap":{"0":{"start":{"line":1,"column":0},"end":{"line":1,"column":13}},"1":{"start":{"line":14,"column":8},"end":{"line":14,"column":29}},"2":{"start":{"line":15,"column":8},"end":{"line":15,"column":35}},"3":{"start":{"line":16,"column":8},"end":{"line":16,"column":39}},"4":{"start":{"line":17,"column":8},"end":{"line":17,"column":35}},"5":{"start":{"line":18,"column":8},"end":{"line":18,"column":37}},"6":{"start":{"line":19,"column":8},"end":{"line":19,"column":39}},"7":{"start":{"line":20,"column":8},"end":{"line":20,"column":41}},"8":{"start":{"line":21,"column":8},"end":{"line":21,"column":33}},"9":{"start":{"line":22,"column":8},"end":{"line":22,"column":33}},"10":{"start":{"line":24,"column":0},"end":{"line":24,"column":null}},"11":{"start":{"line":1,"column":13},"end":{"line":1,"column":26}}},"fnMap":{"0":{"name":"(anonymous_0)","decl":{"start":{"line":1,"column":0},"end":{"line":1,"column":13}},"loc":{"start":{"line":1,"column":0},"end":{"line":24,"column":null}}},"1":{"name":"Reimbursement","decl":{"start":{"line":13,"column":4},"end":{"line":13,"column":17}},"loc":{"start":{"line":13,"column":203},"end":{"line":23,"column":5}}}},"branchMap":{},"s":{"0":2,"1":7,"2":7,"3":7,"4":7,"5":7,"6":7,"7":7,"8":7,"9":7,"10":2,"11":2},"f":{"0":2,"1":7},"b":{}}
,"C:\\Users\\wande\\Documents\\200406-java-react\\Kennedy_Wandelt_p1\\src\\models\\user.ts": {"path":"C:\\Users\\wande\\Documents\\200406-java-react\\Kennedy_Wandelt_p1\\src\\models\\user.ts","statementMap":{"0":{"start":{"line":1,"column":0},"end":{"line":1,"column":13}},"1":{"start":{"line":12,"column":8},"end":{"line":12,"column":39}},"2":{"start":{"line":13,"column":8},"end":{"line":13,"column":33}},"3":{"start":{"line":14,"column":8},"end":{"line":14,"column":33}},"4":{"start":{"line":15,"column":8},"end":{"line":15,"column":37}},"5":{"start":{"line":16,"column":8},"end":{"line":16,"column":35}},"6":{"start":{"line":17,"column":8},"end":{"line":17,"column":27}},"7":{"start":{"line":18,"column":8},"end":{"line":18,"column":35}},"8":{"start":{"line":20,"column":0},"end":{"line":20,"column":null}},"9":{"start":{"line":1,"column":13},"end":{"line":1,"column":17}}},"fnMap":{"0":{"name":"(anonymous_0)","decl":{"start":{"line":1,"column":0},"end":{"line":1,"column":13}},"loc":{"start":{"line":1,"column":0},"end":{"line":20,"column":null}}},"1":{"name":"User","decl":{"start":{"line":11,"column":4},"end":{"line":11,"column":17}},"loc":{"start":{"line":11,"column":145},"end":{"line":19,"column":5}}}},"branchMap":{},"s":{"0":2,"1":7,"2":7,"3":7,"4":7,"5":7,"6":7,"7":7,"8":2,"9":2},"f":{"0":2,"1":7},"b":{}}
,"C:\\Users\\wande\\Documents\\200406-java-react\\Kennedy_Wandelt_p1\\src\\repos\\reimb-repo.ts": {"path":"C:\\Users\\wande\\Documents\\200406-java-react\\Kennedy_Wandelt_p1\\src\\repos\\reimb-repo.ts","statementMap":{"0":{"start":{"line":4,"column":0},"end":{"line":4,"column":36}},"1":{"start":{"line":5,"column":0},"end":{"line":5,"column":52}},"2":{"start":{"line":10,"column":0},"end":{"line":10,"column":13}},"3":{"start":{"line":16,"column":10},"end":{"line":30,"column":null}},"4":{"start":{"line":19,"column":21},"end":{"line":19,"column":52}},"5":{"start":{"line":19,"column":12},"end":{"line":19,"column":52}},"6":{"start":{"line":20,"column":16},"end":{"line":20,"column":45}},"7":{"start":{"line":21,"column":21},"end":{"line":21,"column":null}},"8":{"start":{"line":21,"column":16},"end":{"line":21,"column":null}},"9":{"start":{"line":23,"column":12},"end":{"line":23,"column":27}},"10":{"start":{"line":26,"column":12},"end":{"line":26,"column":81}},"11":{"start":{"line":28,"column":12},"end":{"line":28,"column":39}},"12":{"start":{"line":37,"column":10},"end":{"line":52,"column":null}},"13":{"start":{"line":41,"column":21},"end":{"line":41,"column":52}},"14":{"start":{"line":41,"column":12},"end":{"line":41,"column":52}},"15":{"start":{"line":42,"column":16},"end":{"line":42,"column":null}},"16":{"start":{"line":43,"column":21},"end":{"line":43,"column":null}},"17":{"start":{"line":43,"column":16},"end":{"line":43,"column":null}},"18":{"start":{"line":45,"column":12},"end":{"line":45,"column":30}},"19":{"start":{"line":48,"column":12},"end":{"line":48,"column":87}},"20":{"start":{"line":50,"column":12},"end":{"line":50,"column":39}},"21":{"start":{"line":59,"column":10},"end":{"line":74,"column":null}},"22":{"start":{"line":63,"column":21},"end":{"line":63,"column":52}},"23":{"start":{"line":63,"column":12},"end":{"line":63,"column":52}},"24":{"start":{"line":64,"column":16},"end":{"line":64,"column":220}},"25":{"start":{"line":65,"column":21},"end":{"line":65,"column":null}},"26":{"start":{"line":65,"column":16},"end":{"line":65,"column":null}},"27":{"start":{"line":67,"column":12},"end":{"line":67,"column":30}},"28":{"start":{"line":70,"column":12},"end":{"line":70,"column":84}},"29":{"start":{"line":72,"column":12},"end":{"line":72,"column":39}},"30":{"start":{"line":77,"column":10},"end":{"line":93,"column":null}},"31":{"start":{"line":81,"column":21},"end":{"line":81,"column":52}},"32":{"start":{"line":81,"column":12},"end":{"line":81,"column":52}},"33":{"start":{"line":82,"column":16},"end":{"line":82,"column":66}},"34":{"start":{"line":83,"column":21},"end":{"line":83,"column":null}},"35":{"start":{"line":83,"column":16},"end":{"line":83,"column":null}},"36":{"start":{"line":85,"column":12},"end":{"line":85,"column":27}},"37":{"start":{"line":89,"column":12},"end":{"line":89,"column":95}},"38":{"start":{"line":91,"column":12},"end":{"line":91,"column":39}},"39":{"start":{"line":95,"column":10},"end":{"line":110,"column":null}},"40":{"start":{"line":99,"column":21},"end":{"line":99,"column":52}},"41":{"start":{"line":99,"column":12},"end":{"line":99,"column":52}},"42":{"start":{"line":100,"column":16},"end":{"line":100,"column":202}},"43":{"start":{"line":101,"column":21},"end":{"line":101,"column":null}},"44":{"start":{"line":101,"column":16},"end":{"line":101,"column":null}},"45":{"start":{"line":103,"column":12},"end":{"line":103,"column":30}},"46":{"start":{"line":106,"column":12},"end":{"line":106,"column":95}},"47":{"start":{"line":108,"column":12},"end":{"line":108,"column":39}},"48":{"start":{"line":111,"column":0},"end":{"line":111,"column":null}},"49":{"start":{"line":10,"column":13},"end":{"line":10,"column":22}}},"fnMap":{"0":{"name":"(anonymous_13)","decl":{"start":{"line":10,"column":0},"end":{"line":10,"column":13}},"loc":{"start":{"line":10,"column":0},"end":{"line":111,"column":null}}},"1":{"name":"(anonymous_15)","decl":{"start":{"line":16,"column":4},"end":{"line":16,"column":10}},"loc":{"start":{"line":16,"column":4},"end":{"line":30,"column":null}}},"2":{"name":"(anonymous_18)","decl":{"start":{"line":37,"column":4},"end":{"line":37,"column":10}},"loc":{"start":{"line":37,"column":28},"end":{"line":52,"column":null}}},"3":{"name":"(anonymous_21)","decl":{"start":{"line":59,"column":4},"end":{"line":59,"column":10}},"loc":{"start":{"line":59,"column":41},"end":{"line":74,"column":null}}},"4":{"name":"(anonymous_24)","decl":{"start":{"line":77,"column":4},"end":{"line":77,"column":10}},"loc":{"start":{"line":77,"column":38},"end":{"line":93,"column":null}}},"5":{"name":"(anonymous_27)","decl":{"start":{"line":95,"column":4},"end":{"line":95,"column":10}},"loc":{"start":{"line":95,"column":41},"end":{"line":110,"column":null}}}},"branchMap":{"0":{"loc":{"start":{"line":28,"column":12},"end":{"line":28,"column":18}},"type":"binary-expr","locations":[{"start":{"line":28,"column":12},"end":{"line":28,"column":18}},{"start":{"line":28,"column":22},"end":{"line":28,"column":38}}]},"1":{"loc":{"start":{"line":50,"column":12},"end":{"line":50,"column":18}},"type":"binary-expr","locations":[{"start":{"line":50,"column":12},"end":{"line":50,"column":18}},{"start":{"line":50,"column":22},"end":{"line":50,"column":38}}]},"2":{"loc":{"start":{"line":72,"column":12},"end":{"line":72,"column":18}},"type":"binary-expr","locations":[{"start":{"line":72,"column":12},"end":{"line":72,"column":18}},{"start":{"line":72,"column":22},"end":{"line":72,"column":38}}]},"3":{"loc":{"start":{"line":91,"column":12},"end":{"line":91,"column":18}},"type":"binary-expr","locations":[{"start":{"line":91,"column":12},"end":{"line":91,"column":18}},{"start":{"line":91,"column":22},"end":{"line":91,"column":38}}]},"4":{"loc":{"start":{"line":108,"column":12},"end":{"line":108,"column":18}},"type":"binary-expr","locations":[{"start":{"line":108,"column":12},"end":{"line":108,"column":18}},{"start":{"line":108,"column":22},"end":{"line":108,"column":38}}]}},"s":{"0":1,"1":1,"2":1,"3":1,"4":2,"5":2,"6":2,"7":2,"8":2,"9":2,"10":0,"11":2,"12":1,"13":2,"14":2,"15":2,"16":2,"17":2,"18":2,"19":1,"20":2,"21":1,"22":2,"23":2,"24":2,"25":2,"26":2,"27":2,"28":1,"29":2,"30":1,"31":1,"32":1,"33":1,"34":1,"35":1,"36":1,"37":0,"38":1,"39":1,"40":1,"41":1,"42":1,"43":1,"44":1,"45":1,"46":0,"47":1,"48":1,"49":1},"f":{"0":2,"1":2,"2":2,"3":2,"4":1,"5":1},"b":{"0":[2,2],"1":[2,2],"2":[2,2],"3":[1,1],"4":[1,1]}}
,"C:\\Users\\wande\\Documents\\200406-java-react\\Kennedy_Wandelt_p1\\src\\repos\\user-repo.ts": {"path":"C:\\Users\\wande\\Documents\\200406-java-react\\Kennedy_Wandelt_p1\\src\\repos\\user-repo.ts","statementMap":{"0":{"start":{"line":4,"column":0},"end":{"line":4,"column":36}},"1":{"start":{"line":5,"column":0},"end":{"line":5,"column":52}},"2":{"start":{"line":11,"column":0},"end":{"line":11,"column":13}},"3":{"start":{"line":16,"column":10},"end":{"line":30,"column":null}},"4":{"start":{"line":19,"column":21},"end":{"line":19,"column":52}},"5":{"start":{"line":19,"column":12},"end":{"line":19,"column":52}},"6":{"start":{"line":20,"column":16},"end":{"line":20,"column":44}},"7":{"start":{"line":21,"column":21},"end":{"line":21,"column":null}},"8":{"start":{"line":21,"column":16},"end":{"line":21,"column":null}},"9":{"start":{"line":23,"column":12},"end":{"line":23,"column":27}},"10":{"start":{"line":26,"column":12},"end":{"line":26,"column":80}},"11":{"start":{"line":28,"column":12},"end":{"line":28,"column":39}},"12":{"start":{"line":37,"column":10},"end":{"line":52,"column":null}},"13":{"start":{"line":41,"column":21},"end":{"line":41,"column":52}},"14":{"start":{"line":41,"column":12},"end":{"line":41,"column":52}},"15":{"start":{"line":42,"column":16},"end":{"line":42,"column":null}},"16":{"start":{"line":43,"column":21},"end":{"line":43,"column":null}},"17":{"start":{"line":43,"column":16},"end":{"line":43,"column":null}},"18":{"start":{"line":45,"column":12},"end":{"line":45,"column":38}},"19":{"start":{"line":48,"column":12},"end":{"line":48,"column":86}},"20":{"start":{"line":50,"column":12},"end":{"line":50,"column":39}},"21":{"start":{"line":59,"column":10},"end":{"line":76,"column":null}},"22":{"start":{"line":63,"column":21},"end":{"line":63,"column":52}},"23":{"start":{"line":63,"column":12},"end":{"line":63,"column":52}},"24":{"start":{"line":64,"column":16},"end":{"line":64,"column":142}},"25":{"start":{"line":65,"column":21},"end":{"line":65,"column":null}},"26":{"start":{"line":65,"column":16},"end":{"line":65,"column":null}},"27":{"start":{"line":66,"column":16},"end":{"line":66,"column":65}},"28":{"start":{"line":67,"column":22},"end":{"line":67,"column":null}},"29":{"start":{"line":67,"column":16},"end":{"line":67,"column":null}},"30":{"start":{"line":69,"column":12},"end":{"line":69,"column":39}},"31":{"start":{"line":72,"column":12},"end":{"line":72,"column":83}},"32":{"start":{"line":74,"column":12},"end":{"line":74,"column":39}},"33":{"start":{"line":83,"column":10},"end":{"line":98,"column":null}},"34":{"start":{"line":87,"column":21},"end":{"line":87,"column":52}},"35":{"start":{"line":87,"column":12},"end":{"line":87,"column":52}},"36":{"start":{"line":88,"column":16},"end":{"line":88,"column":69}},"37":{"start":{"line":89,"column":21},"end":{"line":89,"column":null}},"38":{"start":{"line":89,"column":16},"end":{"line":89,"column":null}},"39":{"start":{"line":91,"column":12},"end":{"line":91,"column":24}},"40":{"start":{"line":94,"column":12},"end":{"line":94,"column":88}},"41":{"start":{"line":96,"column":12},"end":{"line":96,"column":39}},"42":{"start":{"line":100,"column":10},"end":{"line":115,"column":null}},"43":{"start":{"line":104,"column":21},"end":{"line":104,"column":52}},"44":{"start":{"line":104,"column":12},"end":{"line":104,"column":52}},"45":{"start":{"line":105,"column":16},"end":{"line":105,"column":82}},"46":{"start":{"line":106,"column":21},"end":{"line":106,"column":null}},"47":{"start":{"line":106,"column":16},"end":{"line":106,"column":null}},"48":{"start":{"line":108,"column":12},"end":{"line":108,"column":38}},"49":{"start":{"line":111,"column":12},"end":{"line":111,"column":92}},"50":{"start":{"line":113,"column":12},"end":{"line":113,"column":39}},"51":{"start":{"line":117,"column":10},"end":{"line":132,"column":null}},"52":{"start":{"line":121,"column":21},"end":{"line":121,"column":52}},"53":{"start":{"line":121,"column":12},"end":{"line":121,"column":52}},"54":{"start":{"line":122,"column":16},"end":{"line":122,"column":58}},"55":{"start":{"line":123,"column":21},"end":{"line":123,"column":null}},"56":{"start":{"line":123,"column":16},"end":{"line":123,"column":null}},"57":{"start":{"line":125,"column":12},"end":{"line":125,"column":34}},"58":{"start":{"line":128,"column":12},"end":{"line":128,"column":89}},"59":{"start":{"line":130,"column":12},"end":{"line":130,"column":39}},"60":{"start":{"line":134,"column":10},"end":{"line":149,"column":null}},"61":{"start":{"line":138,"column":21},"end":{"line":138,"column":52}},"62":{"start":{"line":138,"column":12},"end":{"line":138,"column":52}},"63":{"start":{"line":139,"column":16},"end":{"line":139,"column":161}},"64":{"start":{"line":140,"column":21},"end":{"line":140,"column":null}},"65":{"start":{"line":140,"column":16},"end":{"line":140,"column":null}},"66":{"start":{"line":142,"column":12},"end":{"line":142,"column":38}},"67":{"start":{"line":145,"column":12},"end":{"line":145,"column":95}},"68":{"start":{"line":147,"column":12},"end":{"line":147,"column":39}},"69":{"start":{"line":152,"column":0},"end":{"line":152,"column":null}},"70":{"start":{"line":11,"column":13},"end":{"line":11,"column":21}}},"fnMap":{"0":{"name":"(anonymous_13)","decl":{"start":{"line":11,"column":0},"end":{"line":11,"column":13}},"loc":{"start":{"line":11,"column":0},"end":{"line":152,"column":null}}},"1":{"name":"(anonymous_15)","decl":{"start":{"line":16,"column":4},"end":{"line":16,"column":10}},"loc":{"start":{"line":16,"column":4},"end":{"line":30,"column":null}}},"2":{"name":"(anonymous_18)","decl":{"start":{"line":37,"column":4},"end":{"line":37,"column":10}},"loc":{"start":{"line":37,"column":28},"end":{"line":52,"column":null}}},"3":{"name":"(anonymous_21)","decl":{"start":{"line":59,"column":4},"end":{"line":59,"column":10}},"loc":{"start":{"line":59,"column":31},"end":{"line":76,"column":null}}},"4":{"name":"(anonymous_24)","decl":{"start":{"line":83,"column":4},"end":{"line":83,"column":10}},"loc":{"start":{"line":83,"column":31},"end":{"line":98,"column":null}}},"5":{"name":"(anonymous_27)","decl":{"start":{"line":100,"column":4},"end":{"line":100,"column":10}},"loc":{"start":{"line":100,"column":49},"end":{"line":115,"column":null}}},"6":{"name":"(anonymous_30)","decl":{"start":{"line":117,"column":4},"end":{"line":117,"column":10}},"loc":{"start":{"line":117,"column":55},"end":{"line":132,"column":null}}},"7":{"name":"(anonymous_33)","decl":{"start":{"line":134,"column":4},"end":{"line":134,"column":10}},"loc":{"start":{"line":134,"column":31},"end":{"line":149,"column":null}}}},"branchMap":{"0":{"loc":{"start":{"line":28,"column":12},"end":{"line":28,"column":18}},"type":"binary-expr","locations":[{"start":{"line":28,"column":12},"end":{"line":28,"column":18}},{"start":{"line":28,"column":22},"end":{"line":28,"column":38}}]},"1":{"loc":{"start":{"line":50,"column":12},"end":{"line":50,"column":18}},"type":"binary-expr","locations":[{"start":{"line":50,"column":12},"end":{"line":50,"column":18}},{"start":{"line":50,"column":22},"end":{"line":50,"column":38}}]},"2":{"loc":{"start":{"line":74,"column":12},"end":{"line":74,"column":18}},"type":"binary-expr","locations":[{"start":{"line":74,"column":12},"end":{"line":74,"column":18}},{"start":{"line":74,"column":22},"end":{"line":74,"column":38}}]},"3":{"loc":{"start":{"line":96,"column":12},"end":{"line":96,"column":18}},"type":"binary-expr","locations":[{"start":{"line":96,"column":12},"end":{"line":96,"column":18}},{"start":{"line":96,"column":22},"end":{"line":96,"column":38}}]},"4":{"loc":{"start":{"line":113,"column":12},"end":{"line":113,"column":18}},"type":"binary-expr","locations":[{"start":{"line":113,"column":12},"end":{"line":113,"column":18}},{"start":{"line":113,"column":22},"end":{"line":113,"column":38}}]},"5":{"loc":{"start":{"line":130,"column":12},"end":{"line":130,"column":18}},"type":"binary-expr","locations":[{"start":{"line":130,"column":12},"end":{"line":130,"column":18}},{"start":{"line":130,"column":22},"end":{"line":130,"column":38}}]},"6":{"loc":{"start":{"line":147,"column":12},"end":{"line":147,"column":18}},"type":"binary-expr","locations":[{"start":{"line":147,"column":12},"end":{"line":147,"column":18}},{"start":{"line":147,"column":22},"end":{"line":147,"column":38}}]}},"s":{"0":1,"1":1,"2":1,"3":1,"4":2,"5":2,"6":2,"7":2,"8":2,"9":2,"10":0,"11":2,"12":1,"13":2,"14":2,"15":2,"16":2,"17":2,"18":2,"19":1,"20":2,"21":1,"22":2,"23":2,"24":2,"25":2,"26":2,"27":2,"28":2,"29":2,"30":2,"31":1,"32":2,"33":1,"34":1,"35":1,"36":1,"37":1,"38":1,"39":1,"40":0,"41":1,"42":1,"43":2,"44":2,"45":2,"46":2,"47":2,"48":2,"49":1,"50":2,"51":1,"52":2,"53":2,"54":2,"55":2,"56":2,"57":2,"58":1,"59":2,"60":1,"61":1,"62":1,"63":1,"64":1,"65":1,"66":1,"67":0,"68":1,"69":1,"70":1},"f":{"0":2,"1":2,"2":2,"3":2,"4":1,"5":2,"6":2,"7":1},"b":{"0":[2,2],"1":[2,2],"2":[2,2],"3":[1,1],"4":[2,2],"5":[2,2],"6":[1,1]}}
,"C:\\Users\\wande\\Documents\\200406-java-react\\Kennedy_Wandelt_p1\\src\\services\\reimb-service.ts": {"path":"C:\\Users\\wande\\Documents\\200406-java-react\\Kennedy_Wandelt_p1\\src\\services\\reimb-service.ts","statementMap":{"0":{"start":{"line":4,"column":0},"end":{"line":4,"column":null}},"1":{"start":{"line":7,"column":0},"end":{"line":7,"column":81}},"2":{"start":{"line":9,"column":0},"end":{"line":9,"column":13}},"3":{"start":{"line":10,"column":24},"end":{"line":10,"column":44}},"4":{"start":{"line":11,"column":8},"end":{"line":11,"column":35}},"5":{"start":{"line":14,"column":10},"end":{"line":21,"column":null}},"6":{"start":{"line":15,"column":21},"end":{"line":15,"column":null}},"7":{"start":{"line":15,"column":12},"end":{"line":15,"column":null}},"8":{"start":{"line":17,"column":8},"end":{"line":19,"column":null}},"9":{"start":{"line":18,"column":12},"end":{"line":18,"column":null}},"10":{"start":{"line":20,"column":8},"end":{"line":20,"column":22}},"11":{"start":{"line":23,"column":10},"end":{"line":34,"column":null}},"12":{"start":{"line":24,"column":8},"end":{"line":26,"column":null}},"13":{"start":{"line":25,"column":12},"end":{"line":25,"column":69}},"14":{"start":{"line":28,"column":20},"end":{"line":28,"column":null}},"15":{"start":{"line":28,"column":12},"end":{"line":28,"column":null}},"16":{"start":{"line":30,"column":8},"end":{"line":32,"column":null}},"17":{"start":{"line":31,"column":12},"end":{"line":31,"column":103}},"18":{"start":{"line":33,"column":8},"end":{"line":33,"column":21}},"19":{"start":{"line":36,"column":10},"end":{"line":45,"column":null}},"20":{"start":{"line":38,"column":8},"end":{"line":40,"column":null}},"21":{"start":{"line":39,"column":12},"end":{"line":39,"column":null}},"22":{"start":{"line":42,"column":20},"end":{"line":42,"column":null}},"23":{"start":{"line":42,"column":12},"end":{"line":42,"column":null}},"24":{"start":{"line":44,"column":8},"end":{"line":44,"column":21}},"25":{"start":{"line":48,"column":10},"end":{"line":61,"column":null}},"26":{"start":{"line":50,"column":8},"end":{"line":52,"column":null}},"27":{"start":{"line":51,"column":12},"end":{"line":51,"column":76}},"28":{"start":{"line":54,"column":23},"end":{"line":54,"column":null}},"29":{"start":{"line":54,"column":12},"end":{"line":54,"column":null}},"30":{"start":{"line":56,"column":8},"end":{"line":58,"column":null}},"31":{"start":{"line":57,"column":12},"end":{"line":57,"column":96}},"32":{"start":{"line":60,"column":8},"end":{"line":60,"column":24}},"33":{"start":{"line":63,"column":10},"end":{"line":80,"column":null}},"34":{"start":{"line":65,"column":8},"end":{"line":67,"column":null}},"35":{"start":{"line":66,"column":12},"end":{"line":66,"column":115}},"36":{"start":{"line":70,"column":8},"end":{"line":72,"column":null}},"37":{"start":{"line":71,"column":12},"end":{"line":71,"column":97}},"38":{"start":{"line":74,"column":8},"end":{"line":76,"column":null}},"39":{"start":{"line":75,"column":12},"end":{"line":75,"column":93}},"40":{"start":{"line":77,"column":20},"end":{"line":77,"column":null}},"41":{"start":{"line":77,"column":12},"end":{"line":77,"column":null}},"42":{"start":{"line":79,"column":8},"end":{"line":79,"column":20}},"43":{"start":{"line":81,"column":0},"end":{"line":81,"column":null}},"44":{"start":{"line":9,"column":13},"end":{"line":9,"column":25}}},"fnMap":{"0":{"name":"(anonymous_13)","decl":{"start":{"line":9,"column":0},"end":{"line":9,"column":13}},"loc":{"start":{"line":9,"column":0},"end":{"line":81,"column":null}}},"1":{"name":"ReimbService","decl":{"start":{"line":10,"column":4},"end":{"line":10,"column":24}},"loc":{"start":{"line":10,"column":44},"end":{"line":12,"column":5}}},"2":{"name":"(anonymous_15)","decl":{"start":{"line":14,"column":4},"end":{"line":14,"column":10}},"loc":{"start":{"line":14,"column":4},"end":{"line":21,"column":null}}},"3":{"name":"(anonymous_18)","decl":{"start":{"line":23,"column":4},"end":{"line":23,"column":10}},"loc":{"start":{"line":23,"column":33},"end":{"line":34,"column":null}}},"4":{"name":"(anonymous_21)","decl":{"start":{"line":36,"column":4},"end":{"line":36,"column":10}},"loc":{"start":{"line":36,"column":48},"end":{"line":45,"column":null}}},"5":{"name":"(anonymous_24)","decl":{"start":{"line":48,"column":4},"end":{"line":48,"column":10}},"loc":{"start":{"line":48,"column":41},"end":{"line":61,"column":null}}},"6":{"name":"(anonymous_27)","decl":{"start":{"line":63,"column":4},"end":{"line":63,"column":10}},"loc":{"start":{"line":63,"column":45},"end":{"line":80,"column":null}}}},"branchMap":{"0":{"loc":{"start":{"line":15,"column":21},"end":{"line":15,"column":null}},"type":"switch","locations":[{"start":{"line":15,"column":21},"end":{"line":15,"column":null}}]},"1":{"loc":{"start":{"line":17,"column":8},"end":{"line":19,"column":null}},"type":"if","locations":[{"start":{"line":17,"column":8},"end":{"line":19,"column":null}},{"start":{"line":17,"column":8},"end":{"line":19,"column":null}}]},"2":{"loc":{"start":{"line":24,"column":8},"end":{"line":26,"column":null}},"type":"if","locations":[{"start":{"line":24,"column":8},"end":{"line":26,"column":null}},{"start":{"line":24,"column":8},"end":{"line":26,"column":null}}]},"3":{"loc":{"start":{"line":30,"column":8},"end":{"line":32,"column":null}},"type":"if","locations":[{"start":{"line":30,"column":8},"end":{"line":32,"column":null}},{"start":{"line":30,"column":8},"end":{"line":32,"column":null}}]},"4":{"loc":{"start":{"line":38,"column":8},"end":{"line":40,"column":null}},"type":"if","locations":[{"start":{"line":38,"column":8},"end":{"line":40,"column":null}},{"start":{"line":38,"column":8},"end":{"line":40,"column":null}}]},"5":{"loc":{"start":{"line":50,"column":8},"end":{"line":52,"column":null}},"type":"if","locations":[{"start":{"line":50,"column":8},"end":{"line":52,"column":null}},{"start":{"line":50,"column":8},"end":{"line":52,"column":null}}]},"6":{"loc":{"start":{"line":56,"column":8},"end":{"line":58,"column":null}},"type":"if","locations":[{"start":{"line":56,"column":8},"end":{"line":58,"column":null}},{"start":{"line":56,"column":8},"end":{"line":58,"column":null}}]},"7":{"loc":{"start":{"line":65,"column":8},"end":{"line":67,"column":null}},"type":"if","locations":[{"start":{"line":65,"column":8},"end":{"line":67,"column":null}},{"start":{"line":65,"column":8},"end":{"line":67,"column":null}}]},"8":{"loc":{"start":{"line":70,"column":8},"end":{"line":72,"column":null}},"type":"if","locations":[{"start":{"line":70,"column":8},"end":{"line":72,"column":null}},{"start":{"line":70,"column":8},"end":{"line":72,"column":null}}]},"9":{"loc":{"start":{"line":70,"column":11},"end":{"line":70,"column":49}},"type":"binary-expr","locations":[{"start":{"line":70,"column":11},"end":{"line":70,"column":49}},{"start":{"line":70,"column":53},"end":{"line":70,"column":89}}]},"10":{"loc":{"start":{"line":74,"column":8},"end":{"line":76,"column":null}},"type":"if","locations":[{"start":{"line":74,"column":8},"end":{"line":76,"column":null}},{"start":{"line":74,"column":8},"end":{"line":76,"column":null}}]},"11":{"loc":{"start":{"line":74,"column":11},"end":{"line":74,"column":37}},"type":"binary-expr","locations":[{"start":{"line":74,"column":11},"end":{"line":74,"column":37}},{"start":{"line":74,"column":41},"end":{"line":74,"column":65}}]}},"s":{"0":1,"1":1,"2":1,"3":8,"4":8,"5":1,"6":2,"7":2,"8":2,"9":1,"10":1,"11":1,"12":1,"13":0,"14":1,"15":1,"16":1,"17":0,"18":1,"19":1,"20":2,"21":1,"22":1,"23":1,"24":1,"25":1,"26":1,"27":0,"28":1,"29":1,"30":1,"31":0,"32":1,"33":1,"34":2,"35":1,"36":1,"37":0,"38":1,"39":0,"40":1,"41":1,"42":1,"43":1,"44":1},"f":{"0":1,"1":8,"2":2,"3":1,"4":2,"5":1,"6":2},"b":{"0":[2],"1":[1,1],"2":[0,1],"3":[0,1],"4":[1,1],"5":[0,1],"6":[0,1],"7":[1,1],"8":[0,1],"9":[1,1],"10":[0,1],"11":[1,1]}}
,"C:\\Users\\wande\\Documents\\200406-java-react\\Kennedy_Wandelt_p1\\src\\services\\user-service.ts": {"path":"C:\\Users\\wande\\Documents\\200406-java-react\\Kennedy_Wandelt_p1\\src\\services\\user-service.ts","statementMap":{"0":{"start":{"line":4,"column":0},"end":{"line":4,"column":null}},"1":{"start":{"line":8,"column":0},"end":{"line":8,"column":null}},"2":{"start":{"line":12,"column":0},"end":{"line":12,"column":13}},"3":{"start":{"line":13,"column":24},"end":{"line":13,"column":42}},"4":{"start":{"line":14,"column":8},"end":{"line":14,"column":33}},"5":{"start":{"line":17,"column":10},"end":{"line":24,"column":null}},"6":{"start":{"line":18,"column":20},"end":{"line":18,"column":null}},"7":{"start":{"line":18,"column":12},"end":{"line":18,"column":null}},"8":{"start":{"line":20,"column":8},"end":{"line":22,"column":null}},"9":{"start":{"line":21,"column":12},"end":{"line":21,"column":null}},"10":{"start":{"line":23,"column":8},"end":{"line":23,"column":21}},"11":{"start":{"line":26,"column":10},"end":{"line":34,"column":null}},"12":{"start":{"line":28,"column":19},"end":{"line":28,"column":null}},"13":{"start":{"line":28,"column":12},"end":{"line":28,"column":null}},"14":{"start":{"line":30,"column":8},"end":{"line":32,"column":null}},"15":{"start":{"line":31,"column":12},"end":{"line":31,"column":93}},"16":{"start":{"line":33,"column":8},"end":{"line":33,"column":20}},"17":{"start":{"line":36,"column":10},"end":{"line":60,"column":null}},"18":{"start":{"line":38,"column":8},"end":{"line":40,"column":null}},"19":{"start":{"line":39,"column":12},"end":{"line":39,"column":72}},"20":{"start":{"line":42,"column":12},"end":{"line":42,"column":26}},"21":{"start":{"line":44,"column":19},"end":{"line":44,"column":82}},"22":{"start":{"line":44,"column":8},"end":{"line":44,"column":82}},"23":{"start":{"line":47,"column":8},"end":{"line":49,"column":null}},"24":{"start":{"line":48,"column":12},"end":{"line":48,"column":85}},"25":{"start":{"line":51,"column":19},"end":{"line":51,"column":88}},"26":{"start":{"line":51,"column":8},"end":{"line":51,"column":88}},"27":{"start":{"line":53,"column":8},"end":{"line":55,"column":null}},"28":{"start":{"line":54,"column":12},"end":{"line":54,"column":88}},"29":{"start":{"line":57,"column":19},"end":{"line":57,"column":null}},"30":{"start":{"line":57,"column":12},"end":{"line":57,"column":null}},"31":{"start":{"line":59,"column":8},"end":{"line":59,"column":20}},"32":{"start":{"line":62,"column":10},"end":{"line":69,"column":null}},"33":{"start":{"line":63,"column":8},"end":{"line":65,"column":null}},"34":{"start":{"line":64,"column":12},"end":{"line":64,"column":76}},"35":{"start":{"line":66,"column":24},"end":{"line":66,"column":null}},"36":{"start":{"line":66,"column":12},"end":{"line":66,"column":null}},"37":{"start":{"line":68,"column":8},"end":{"line":68,"column":25}},"38":{"start":{"line":71,"column":10},"end":{"line":81,"column":null}},"39":{"start":{"line":74,"column":8},"end":{"line":76,"column":null}},"40":{"start":{"line":75,"column":12},"end":{"line":75,"column":95}},"41":{"start":{"line":78,"column":19},"end":{"line":78,"column":74}},"42":{"start":{"line":78,"column":8},"end":{"line":78,"column":74}},"43":{"start":{"line":80,"column":8},"end":{"line":80,"column":26}},"44":{"start":{"line":83,"column":10},"end":{"line":92,"column":null}},"45":{"start":{"line":85,"column":8},"end":{"line":87,"column":null}},"46":{"start":{"line":86,"column":12},"end":{"line":86,"column":72}},"47":{"start":{"line":89,"column":8},"end":{"line":89,"column":45}},"48":{"start":{"line":91,"column":8},"end":{"line":91,"column":20}},"49":{"start":{"line":93,"column":0},"end":{"line":93,"column":null}},"50":{"start":{"line":12,"column":13},"end":{"line":12,"column":24}}},"fnMap":{"0":{"name":"(anonymous_13)","decl":{"start":{"line":12,"column":0},"end":{"line":12,"column":13}},"loc":{"start":{"line":12,"column":0},"end":{"line":93,"column":null}}},"1":{"name":"UserService","decl":{"start":{"line":13,"column":4},"end":{"line":13,"column":24}},"loc":{"start":{"line":13,"column":42},"end":{"line":15,"column":5}}},"2":{"name":"(anonymous_15)","decl":{"start":{"line":17,"column":4},"end":{"line":17,"column":10}},"loc":{"start":{"line":17,"column":4},"end":{"line":24,"column":null}}},"3":{"name":"(anonymous_18)","decl":{"start":{"line":26,"column":4},"end":{"line":26,"column":10}},"loc":{"start":{"line":26,"column":32},"end":{"line":34,"column":null}}},"4":{"name":"(anonymous_21)","decl":{"start":{"line":36,"column":4},"end":{"line":36,"column":10}},"loc":{"start":{"line":36,"column":37},"end":{"line":60,"column":null}}},"5":{"name":"(anonymous_24)","decl":{"start":{"line":62,"column":4},"end":{"line":62,"column":10}},"loc":{"start":{"line":62,"column":35},"end":{"line":69,"column":null}}},"6":{"name":"(anonymous_27)","decl":{"start":{"line":71,"column":4},"end":{"line":71,"column":10}},"loc":{"start":{"line":71,"column":53},"end":{"line":81,"column":null}}},"7":{"name":"(anonymous_30)","decl":{"start":{"line":83,"column":4},"end":{"line":83,"column":10}},"loc":{"start":{"line":83,"column":31},"end":{"line":92,"column":null}}}},"branchMap":{"0":{"loc":{"start":{"line":18,"column":20},"end":{"line":18,"column":null}},"type":"switch","locations":[{"start":{"line":18,"column":20},"end":{"line":18,"column":null}}]},"1":{"loc":{"start":{"line":20,"column":8},"end":{"line":22,"column":null}},"type":"if","locations":[{"start":{"line":20,"column":8},"end":{"line":22,"column":null}},{"start":{"line":20,"column":8},"end":{"line":22,"column":null}}]},"2":{"loc":{"start":{"line":28,"column":19},"end":{"line":28,"column":null}},"type":"switch","locations":[{"start":{"line":28,"column":19},"end":{"line":28,"column":null}}]},"3":{"loc":{"start":{"line":30,"column":8},"end":{"line":32,"column":null}},"type":"if","locations":[{"start":{"line":30,"column":8},"end":{"line":32,"column":null}},{"start":{"line":30,"column":8},"end":{"line":32,"column":null}}]},"4":{"loc":{"start":{"line":38,"column":8},"end":{"line":40,"column":null}},"type":"if","locations":[{"start":{"line":38,"column":8},"end":{"line":40,"column":null}},{"start":{"line":38,"column":8},"end":{"line":40,"column":null}}]},"5":{"loc":{"start":{"line":47,"column":8},"end":{"line":49,"column":null}},"type":"if","locations":[{"start":{"line":47,"column":8},"end":{"line":49,"column":null}},{"start":{"line":47,"column":8},"end":{"line":49,"column":null}}]},"6":{"loc":{"start":{"line":53,"column":8},"end":{"line":55,"column":null}},"type":"if","locations":[{"start":{"line":53,"column":8},"end":{"line":55,"column":null}},{"start":{"line":53,"column":8},"end":{"line":55,"column":null}}]},"7":{"loc":{"start":{"line":63,"column":8},"end":{"line":65,"column":null}},"type":"if","locations":[{"start":{"line":63,"column":8},"end":{"line":65,"column":null}},{"start":{"line":63,"column":8},"end":{"line":65,"column":null}}]},"8":{"loc":{"start":{"line":74,"column":8},"end":{"line":76,"column":null}},"type":"if","locations":[{"start":{"line":74,"column":8},"end":{"line":76,"column":null}},{"start":{"line":74,"column":8},"end":{"line":76,"column":null}}]},"9":{"loc":{"start":{"line":74,"column":11},"end":{"line":74,"column":35}},"type":"binary-expr","locations":[{"start":{"line":74,"column":11},"end":{"line":74,"column":35}},{"start":{"line":74,"column":39},"end":{"line":74,"column":63}}]},"10":{"loc":{"start":{"line":85,"column":8},"end":{"line":87,"column":null}},"type":"if","locations":[{"start":{"line":85,"column":8},"end":{"line":87,"column":null}},{"start":{"line":85,"column":8},"end":{"line":87,"column":null}}]}},"s":{"0":1,"1":1,"2":1,"3":10,"4":10,"5":1,"6":2,"7":2,"8":2,"9":1,"10":1,"11":1,"12":1,"13":1,"14":1,"15":0,"16":1,"17":1,"18":2,"19":1,"20":1,"21":1,"22":1,"23":1,"24":0,"25":1,"26":1,"27":1,"28":0,"29":1,"30":1,"31":1,"32":1,"33":1,"34":0,"35":1,"36":1,"37":1,"38":1,"39":2,"40":1,"41":1,"42":1,"43":1,"44":1,"45":2,"46":1,"47":2,"48":1,"49":1,"50":1},"f":{"0":1,"1":10,"2":2,"3":1,"4":2,"5":1,"6":2,"7":2},"b":{"0":[2],"1":[1,1],"2":[1],"3":[0,1],"4":[1,1],"5":[0,1],"6":[0,1],"7":[0,1],"8":[1,1],"9":[2,1],"10":[1,1]}}
,"C:\\Users\\wande\\Documents\\200406-java-react\\Kennedy_Wandelt_p1\\src\\util\\validation.ts": {"path":"C:\\Users\\wande\\Documents\\200406-java-react\\Kennedy_Wandelt_p1\\src\\util\\validation.ts","statementMap":{"0":{"start":{"line":6,"column":4},"end":{"line":6,"column":48}},"1":{"start":{"line":5,"column":0},"end":{"line":5,"column":16}},"2":{"start":{"line":14,"column":13},"end":{"line":19,"column":2}},"3":{"start":{"line":14,"column":43},"end":{"line":14,"column":69}},"4":{"start":{"line":15,"column":4},"end":{"line":18,"column":7}},"5":{"start":{"line":16,"column":8},"end":{"line":16,"column":71}},"6":{"start":{"line":16,"column":59},"end":{"line":16,"column":71}},"7":{"start":{"line":17,"column":8},"end":{"line":17,"column":24}},"8":{"start":{"line":25,"column":13},"end":{"line":27,"column":2}},"9":{"start":{"line":25,"column":30},"end":{"line":25,"column":47}},"10":{"start":{"line":26,"column":4},"end":{"line":26,"column":77}},"11":{"start":{"line":26,"column":31},"end":{"line":26,"column":63}},"12":{"start":{"line":29,"column":13},"end":{"line":35,"column":null}},"13":{"start":{"line":30,"column":4},"end":{"line":34,"column":null}},"14":{"start":{"line":31,"column":8},"end":{"line":31,"column":21}},"15":{"start":{"line":32,"column":11},"end":{"line":34,"column":null}},"16":{"start":{"line":33,"column":8},"end":{"line":33,"column":20}},"17":{"start":{"line":37,"column":0},"end":{"line":42,"column":null}}},"fnMap":{"0":{"name":"isEmptyObject","decl":{"start":{"line":5,"column":16},"end":{"line":5,"column":29}},"loc":{"start":{"line":5,"column":39},"end":{"line":7,"column":1}}},"1":{"name":"(anonymous_1)","decl":{"start":{"line":14,"column":29},"end":{"line":14,"column":30}},"loc":{"start":{"line":14,"column":41},"end":{"line":19,"column":1}}},"2":{"name":"(anonymous_2)","decl":{"start":{"line":15,"column":41},"end":{"line":15,"column":44}},"loc":{"start":{"line":15,"column":44},"end":{"line":18,"column":5}}},"3":{"name":"(anonymous_3)","decl":{"start":{"line":25,"column":29},"end":{"line":25,"column":30}},"loc":{"start":{"line":25,"column":29},"end":{"line":27,"column":1}}},"4":{"name":"(anonymous_4)","decl":{"start":{"line":26,"column":24},"end":{"line":26,"column":27}},"loc":{"start":{"line":26,"column":27},"end":{"line":26,"column":32}}},"5":{"name":"(anonymous_5)","decl":{"start":{"line":29,"column":29},"end":{"line":29,"column":30}},"loc":{"start":{"line":29,"column":41},"end":{"line":35,"column":1}}}},"branchMap":{"0":{"loc":{"start":{"line":6,"column":11},"end":{"line":6,"column":14}},"type":"binary-expr","locations":[{"start":{"line":6,"column":11},"end":{"line":6,"column":14}},{"start":{"line":6,"column":18},"end":{"line":6,"column":47}}]},"1":{"loc":{"start":{"line":15,"column":11},"end":{"line":15,"column":14}},"type":"binary-expr","locations":[{"start":{"line":15,"column":11},"end":{"line":15,"column":14}},{"start":{"line":15,"column":18},"end":{"line":18,"column":6}}]},"2":{"loc":{"start":{"line":16,"column":8},"end":{"line":16,"column":71}},"type":"if","locations":[{"start":{"line":16,"column":8},"end":{"line":16,"column":71}},{"start":{"line":16,"column":8},"end":{"line":16,"column":71}}]},"3":{"loc":{"start":{"line":16,"column":12},"end":{"line":16,"column":26}},"type":"binary-expr","locations":[{"start":{"line":16,"column":12},"end":{"line":16,"column":26}},{"start":{"line":16,"column":30},"end":{"line":16,"column":57}}]},"4":{"loc":{"start":{"line":26,"column":31},"end":{"line":26,"column":35}},"type":"binary-expr","locations":[{"start":{"line":26,"column":31},"end":{"line":26,"column":35}},{"start":{"line":26,"column":39},"end":{"line":26,"column":62}}]},"5":{"loc":{"start":{"line":30,"column":4},"end":{"line":34,"column":null}},"type":"if","locations":[{"start":{"line":30,"column":4},"end":{"line":34,"column":null}},{"start":{"line":30,"column":4},"end":{"line":34,"column":null}}]},"6":{"loc":{"start":{"line":32,"column":11},"end":{"line":34,"column":null}},"type":"if","locations":[{"start":{"line":32,"column":11},"end":{"line":34,"column":null}},{"start":{"line":32,"column":11},"end":{"line":34,"column":null}}]}},"s":{"0":2,"1":2,"2":2,"3":20,"4":8,"5":33,"6":2,"7":31,"8":2,"9":9,"10":3,"11":3,"12":2,"13":5,"14":0,"15":5,"16":5,"17":2},"f":{"0":2,"1":8,"2":33,"3":3,"4":3,"5":5},"b":{"0":[2,2],"1":[8,8],"2":[2,31],"3":[33,33],"4":[3,2],"5":[0,5],"6":[5,0]}}
}
