{"C:\\Users\\wande\\Documents\\200406-java-react\\Kennedy_Wandelt_p1\\src\\error\\error.ts": {"path":"C:\\Users\\wande\\Documents\\200406-java-react\\Kennedy_Wandelt_p1\\src\\error\\error.ts","statementMap":{"0":{"start":{"line":1,"column":0},"end":{"line":1,"column":null}},"1":{"start":{"line":9,"column":8},"end":{"line":9,"column":37}},"2":{"start":{"line":10,"column":8},"end":{"line":10,"column":54}},"3":{"start":{"line":11,"column":8},"end":{"line":11,"column":36}},"4":{"start":{"line":12,"column":8},"end":{"line":12,"column":72}},"5":{"start":{"line":15,"column":4},"end":{"line":17,"column":null}},"6":{"start":{"line":16,"column":8},"end":{"line":16,"column":31}},"7":{"start":{"line":18,"column":0},"end":{"line":18,"column":null}},"8":{"start":{"line":21,"column":0},"end":{"line":21,"column":null}},"9":{"start":{"line":21,"column":36},"end":{"line":21,"column":52}},"10":{"start":{"line":24,"column":8},"end":{"line":24,"column":null}},"11":{"start":{"line":25,"column":8},"end":{"line":25,"column":43}},"12":{"start":{"line":27,"column":0},"end":{"line":27,"column":null}},"13":{"start":{"line":72,"column":4},"end":{"line":72,"column":25}},"14":{"start":{"line":30,"column":0},"end":{"line":30,"column":null}},"15":{"start":{"line":30,"column":30},"end":{"line":30,"column":46}},"16":{"start":{"line":33,"column":8},"end":{"line":33,"column":null}},"17":{"start":{"line":34,"column":8},"end":{"line":34,"column":56}},"18":{"start":{"line":36,"column":0},"end":{"line":36,"column":null}},"19":{"start":{"line":73,"column":4},"end":{"line":73,"column":19}},"20":{"start":{"line":39,"column":0},"end":{"line":39,"column":null}},"21":{"start":{"line":39,"column":35},"end":{"line":39,"column":51}},"22":{"start":{"line":42,"column":8},"end":{"line":42,"column":null}},"23":{"start":{"line":43,"column":8},"end":{"line":43,"column":48}},"24":{"start":{"line":45,"column":0},"end":{"line":45,"column":null}},"25":{"start":{"line":74,"column":4},"end":{"line":74,"column":24}},"26":{"start":{"line":47,"column":0},"end":{"line":47,"column":null}},"27":{"start":{"line":47,"column":34},"end":{"line":47,"column":50}},"28":{"start":{"line":50,"column":8},"end":{"line":50,"column":null}},"29":{"start":{"line":51,"column":8},"end":{"line":51,"column":56}},"30":{"start":{"line":53,"column":0},"end":{"line":53,"column":null}},"31":{"start":{"line":75,"column":4},"end":{"line":75,"column":23}},"32":{"start":{"line":55,"column":0},"end":{"line":55,"column":null}},"33":{"start":{"line":55,"column":34},"end":{"line":55,"column":50}},"34":{"start":{"line":58,"column":8},"end":{"line":58,"column":null}},"35":{"start":{"line":59,"column":8},"end":{"line":59,"column":69}},"36":{"start":{"line":61,"column":0},"end":{"line":61,"column":null}},"37":{"start":{"line":76,"column":4},"end":{"line":76,"column":23}},"38":{"start":{"line":63,"column":0},"end":{"line":63,"column":null}},"39":{"start":{"line":63,"column":33},"end":{"line":63,"column":49}},"40":{"start":{"line":66,"column":8},"end":{"line":66,"column":null}},"41":{"start":{"line":67,"column":8},"end":{"line":67,"column":null}},"42":{"start":{"line":69,"column":0},"end":{"line":69,"column":null}},"43":{"start":{"line":77,"column":4},"end":{"line":77,"column":22}}},"fnMap":{"0":{"name":"(anonymous_6)","decl":{"start":{"line":1,"column":0},"end":{"line":1,"column":null}},"loc":{"start":{"line":1,"column":0},"end":{"line":18,"column":null}}},"1":{"name":"ApplicationError","decl":{"start":{"line":8,"column":4},"end":{"line":8,"column":16}},"loc":{"start":{"line":8,"column":48},"end":{"line":13,"column":5}}},"2":{"name":"(anonymous_8)","decl":{"start":{"line":15,"column":4},"end":{"line":15,"column":14}},"loc":{"start":{"line":15,"column":29},"end":{"line":17,"column":5}}},"3":{"name":"(anonymous_9)","decl":{"start":{"line":21,"column":0},"end":{"line":21,"column":36}},"loc":{"start":{"line":21,"column":0},"end":{"line":27,"column":null}}},"4":{"name":"ResourceNotFoundError","decl":{"start":{"line":23,"column":4},"end":{"line":23,"column":16}},"loc":{"start":{"line":23,"column":31},"end":{"line":26,"column":5}}},"5":{"name":"(anonymous_11)","decl":{"start":{"line":30,"column":0},"end":{"line":30,"column":30}},"loc":{"start":{"line":30,"column":0},"end":{"line":36,"column":null}}},"6":{"name":"BadRequestError","decl":{"start":{"line":32,"column":4},"end":{"line":32,"column":16}},"loc":{"start":{"line":32,"column":31},"end":{"line":35,"column":5}}},"7":{"name":"(anonymous_13)","decl":{"start":{"line":39,"column":0},"end":{"line":39,"column":35}},"loc":{"start":{"line":39,"column":0},"end":{"line":45,"column":null}}},"8":{"name":"DataPersistanceError","decl":{"start":{"line":41,"column":4},"end":{"line":41,"column":16}},"loc":{"start":{"line":41,"column":31},"end":{"line":44,"column":5}}},"9":{"name":"(anonymous_15)","decl":{"start":{"line":47,"column":0},"end":{"line":47,"column":34}},"loc":{"start":{"line":47,"column":0},"end":{"line":53,"column":null}}},"10":{"name":"InternalServerError","decl":{"start":{"line":49,"column":4},"end":{"line":49,"column":16}},"loc":{"start":{"line":49,"column":31},"end":{"line":52,"column":5}}},"11":{"name":"(anonymous_17)","decl":{"start":{"line":55,"column":0},"end":{"line":55,"column":34}},"loc":{"start":{"line":55,"column":0},"end":{"line":61,"column":null}}},"12":{"name":"AuthenticationError","decl":{"start":{"line":57,"column":4},"end":{"line":57,"column":16}},"loc":{"start":{"line":57,"column":31},"end":{"line":60,"column":5}}},"13":{"name":"(anonymous_19)","decl":{"start":{"line":63,"column":0},"end":{"line":63,"column":33}},"loc":{"start":{"line":63,"column":0},"end":{"line":69,"column":null}}},"14":{"name":"AuthorizationError","decl":{"start":{"line":65,"column":4},"end":{"line":65,"column":16}},"loc":{"start":{"line":65,"column":31},"end":{"line":68,"column":5}}}},"branchMap":{"0":{"loc":{"start":{"line":12,"column":15},"end":{"line":12,"column":32}},"type":"cond-expr","locations":[{"start":{"line":12,"column":15},"end":{"line":12,"column":32}},{"start":{"line":12,"column":36},"end":{"line":12,"column":71}}]},"1":{"loc":{"start":{"line":24,"column":8},"end":{"line":24,"column":26}},"type":"binary-expr","locations":[{"start":{"line":24,"column":8},"end":{"line":24,"column":26}},{"start":{"line":24,"column":26},"end":{"line":24,"column":null}}]},"2":{"loc":{"start":{"line":33,"column":8},"end":{"line":33,"column":26}},"type":"binary-expr","locations":[{"start":{"line":33,"column":8},"end":{"line":33,"column":26}},{"start":{"line":33,"column":26},"end":{"line":33,"column":null}}]},"3":{"loc":{"start":{"line":42,"column":8},"end":{"line":42,"column":26}},"type":"binary-expr","locations":[{"start":{"line":42,"column":8},"end":{"line":42,"column":26}},{"start":{"line":42,"column":26},"end":{"line":42,"column":null}}]},"4":{"loc":{"start":{"line":50,"column":8},"end":{"line":50,"column":26}},"type":"binary-expr","locations":[{"start":{"line":50,"column":8},"end":{"line":50,"column":26}},{"start":{"line":50,"column":26},"end":{"line":50,"column":null}}]},"5":{"loc":{"start":{"line":58,"column":8},"end":{"line":58,"column":26}},"type":"binary-expr","locations":[{"start":{"line":58,"column":8},"end":{"line":58,"column":26}},{"start":{"line":58,"column":26},"end":{"line":58,"column":null}}]},"6":{"loc":{"start":{"line":66,"column":8},"end":{"line":66,"column":26}},"type":"binary-expr","locations":[{"start":{"line":66,"column":8},"end":{"line":66,"column":26}},{"start":{"line":66,"column":26},"end":{"line":66,"column":null}}]}},"s":{"0":2,"1":6,"2":6,"3":6,"4":6,"5":2,"6":6,"7":2,"8":2,"9":2,"10":0,"11":0,"12":2,"13":2,"14":2,"15":2,"16":0,"17":0,"18":2,"19":2,"20":2,"21":2,"22":0,"23":0,"24":2,"25":2,"26":2,"27":2,"28":6,"29":6,"30":2,"31":2,"32":2,"33":2,"34":0,"35":0,"36":2,"37":2,"38":2,"39":2,"40":0,"41":0,"42":2,"43":2},"f":{"0":2,"1":6,"2":6,"3":2,"4":0,"5":2,"6":0,"7":2,"8":0,"9":2,"10":6,"11":2,"12":0,"13":2,"14":0},"b":{"0":[6,0],"1":[0,0],"2":[0,0],"3":[0,0],"4":[6,6],"5":[0,0],"6":[0,0]}}
,"C:\\Users\\wande\\Documents\\200406-java-react\\Kennedy_Wandelt_p1\\src\\models\\newReimb.ts": {"path":"C:\\Users\\wande\\Documents\\200406-java-react\\Kennedy_Wandelt_p1\\src\\models\\newReimb.ts","statementMap":{"0":{"start":{"line":1,"column":0},"end":{"line":1,"column":13}},"1":{"start":{"line":11,"column":8},"end":{"line":11,"column":29}},"2":{"start":{"line":12,"column":8},"end":{"line":12,"column":35}},"3":{"start":{"line":13,"column":8},"end":{"line":13,"column":39}},"4":{"start":{"line":14,"column":8},"end":{"line":14,"column":35}},"5":{"start":{"line":15,"column":8},"end":{"line":15,"column":43}},"6":{"start":{"line":16,"column":8},"end":{"line":16,"column":47}},"7":{"start":{"line":18,"column":0},"end":{"line":18,"column":null}},"8":{"start":{"line":1,"column":13},"end":{"line":1,"column":29}}},"fnMap":{"0":{"name":"(anonymous_0)","decl":{"start":{"line":1,"column":0},"end":{"line":1,"column":13}},"loc":{"start":{"line":1,"column":0},"end":{"line":18,"column":null}}},"1":{"name":"NewReimbursement","decl":{"start":{"line":10,"column":4},"end":{"line":10,"column":17}},"loc":{"start":{"line":10,"column":145},"end":{"line":17,"column":5}}}},"branchMap":{},"s":{"0":1,"1":2,"2":2,"3":2,"4":2,"5":2,"6":2,"7":1,"8":1},"f":{"0":1,"1":2},"b":{}}
,"C:\\Users\\wande\\Documents\\200406-java-react\\Kennedy_Wandelt_p1\\src\\models\\newUser.ts": {"path":"C:\\Users\\wande\\Documents\\200406-java-react\\Kennedy_Wandelt_p1\\src\\models\\newUser.ts","statementMap":{"0":{"start":{"line":1,"column":0},"end":{"line":1,"column":13}},"1":{"start":{"line":11,"column":8},"end":{"line":11,"column":33}},"2":{"start":{"line":12,"column":8},"end":{"line":12,"column":33}},"3":{"start":{"line":13,"column":8},"end":{"line":13,"column":37}},"4":{"start":{"line":14,"column":8},"end":{"line":14,"column":35}},"5":{"start":{"line":15,"column":8},"end":{"line":15,"column":27}},"6":{"start":{"line":16,"column":8},"end":{"line":16,"column":31}},"7":{"start":{"line":18,"column":0},"end":{"line":18,"column":null}},"8":{"start":{"line":1,"column":13},"end":{"line":1,"column":20}}},"fnMap":{"0":{"name":"(anonymous_0)","decl":{"start":{"line":1,"column":0},"end":{"line":1,"column":13}},"loc":{"start":{"line":1,"column":0},"end":{"line":18,"column":null}}},"1":{"name":"NewUser","decl":{"start":{"line":10,"column":4},"end":{"line":10,"column":17}},"loc":{"start":{"line":10,"column":122},"end":{"line":17,"column":5}}}},"branchMap":{},"s":{"0":1,"1":2,"2":2,"3":2,"4":2,"5":2,"6":2,"7":1,"8":1},"f":{"0":1,"1":2},"b":{}}
,"C:\\Users\\wande\\Documents\\200406-java-react\\Kennedy_Wandelt_p1\\src\\models\\reimb.ts": {"path":"C:\\Users\\wande\\Documents\\200406-java-react\\Kennedy_Wandelt_p1\\src\\models\\reimb.ts","statementMap":{"0":{"start":{"line":1,"column":0},"end":{"line":1,"column":13}},"1":{"start":{"line":14,"column":8},"end":{"line":14,"column":29}},"2":{"start":{"line":15,"column":8},"end":{"line":15,"column":35}},"3":{"start":{"line":16,"column":8},"end":{"line":16,"column":39}},"4":{"start":{"line":17,"column":8},"end":{"line":17,"column":35}},"5":{"start":{"line":18,"column":8},"end":{"line":18,"column":37}},"6":{"start":{"line":19,"column":8},"end":{"line":19,"column":39}},"7":{"start":{"line":20,"column":8},"end":{"line":20,"column":41}},"8":{"start":{"line":21,"column":8},"end":{"line":21,"column":33}},"9":{"start":{"line":22,"column":8},"end":{"line":22,"column":33}},"10":{"start":{"line":24,"column":0},"end":{"line":24,"column":null}},"11":{"start":{"line":1,"column":13},"end":{"line":1,"column":26}}},"fnMap":{"0":{"name":"(anonymous_0)","decl":{"start":{"line":1,"column":0},"end":{"line":1,"column":13}},"loc":{"start":{"line":1,"column":0},"end":{"line":24,"column":null}}},"1":{"name":"Reimbursement","decl":{"start":{"line":13,"column":4},"end":{"line":13,"column":17}},"loc":{"start":{"line":13,"column":203},"end":{"line":23,"column":5}}}},"branchMap":{},"s":{"0":1,"1":1,"2":1,"3":1,"4":1,"5":1,"6":1,"7":1,"8":1,"9":1,"10":1,"11":1},"f":{"0":1,"1":1},"b":{}}
,"C:\\Users\\wande\\Documents\\200406-java-react\\Kennedy_Wandelt_p1\\src\\models\\user.ts": {"path":"C:\\Users\\wande\\Documents\\200406-java-react\\Kennedy_Wandelt_p1\\src\\models\\user.ts","statementMap":{"0":{"start":{"line":1,"column":0},"end":{"line":1,"column":13}},"1":{"start":{"line":12,"column":8},"end":{"line":12,"column":39}},"2":{"start":{"line":13,"column":8},"end":{"line":13,"column":33}},"3":{"start":{"line":14,"column":8},"end":{"line":14,"column":33}},"4":{"start":{"line":15,"column":8},"end":{"line":15,"column":37}},"5":{"start":{"line":16,"column":8},"end":{"line":16,"column":35}},"6":{"start":{"line":17,"column":8},"end":{"line":17,"column":27}},"7":{"start":{"line":18,"column":8},"end":{"line":18,"column":35}},"8":{"start":{"line":20,"column":0},"end":{"line":20,"column":null}},"9":{"start":{"line":1,"column":13},"end":{"line":1,"column":17}}},"fnMap":{"0":{"name":"(anonymous_0)","decl":{"start":{"line":1,"column":0},"end":{"line":1,"column":13}},"loc":{"start":{"line":1,"column":0},"end":{"line":20,"column":null}}},"1":{"name":"User","decl":{"start":{"line":11,"column":4},"end":{"line":11,"column":17}},"loc":{"start":{"line":11,"column":145},"end":{"line":19,"column":5}}}},"branchMap":{},"s":{"0":1,"1":1,"2":1,"3":1,"4":1,"5":1,"6":1,"7":1,"8":1,"9":1},"f":{"0":1,"1":1},"b":{}}
,"C:\\Users\\wande\\Documents\\200406-java-react\\Kennedy_Wandelt_p1\\src\\repos\\reimb-repo.ts": {"path":"C:\\Users\\wande\\Documents\\200406-java-react\\Kennedy_Wandelt_p1\\src\\repos\\reimb-repo.ts","statementMap":{"0":{"start":{"line":4,"column":0},"end":{"line":4,"column":36}},"1":{"start":{"line":5,"column":0},"end":{"line":5,"column":52}},"2":{"start":{"line":10,"column":0},"end":{"line":10,"column":13}},"3":{"start":{"line":16,"column":10},"end":{"line":30,"column":null}},"4":{"start":{"line":19,"column":21},"end":{"line":19,"column":52}},"5":{"start":{"line":19,"column":12},"end":{"line":19,"column":52}},"6":{"start":{"line":20,"column":16},"end":{"line":20,"column":45}},"7":{"start":{"line":21,"column":21},"end":{"line":21,"column":null}},"8":{"start":{"line":21,"column":16},"end":{"line":21,"column":null}},"9":{"start":{"line":23,"column":12},"end":{"line":23,"column":27}},"10":{"start":{"line":25,"column":12},"end":{"line":25,"column":27}},"11":{"start":{"line":26,"column":12},"end":{"line":26,"column":81}},"12":{"start":{"line":28,"column":12},"end":{"line":28,"column":39}},"13":{"start":{"line":37,"column":10},"end":{"line":52,"column":null}},"14":{"start":{"line":41,"column":21},"end":{"line":41,"column":52}},"15":{"start":{"line":41,"column":12},"end":{"line":41,"column":52}},"16":{"start":{"line":42,"column":16},"end":{"line":42,"column":null}},"17":{"start":{"line":43,"column":21},"end":{"line":43,"column":null}},"18":{"start":{"line":43,"column":16},"end":{"line":43,"column":null}},"19":{"start":{"line":45,"column":12},"end":{"line":45,"column":30}},"20":{"start":{"line":47,"column":12},"end":{"line":47,"column":27}},"21":{"start":{"line":48,"column":12},"end":{"line":48,"column":87}},"22":{"start":{"line":50,"column":12},"end":{"line":50,"column":39}},"23":{"start":{"line":59,"column":10},"end":{"line":74,"column":null}},"24":{"start":{"line":63,"column":21},"end":{"line":63,"column":52}},"25":{"start":{"line":63,"column":12},"end":{"line":63,"column":52}},"26":{"start":{"line":64,"column":16},"end":{"line":64,"column":220}},"27":{"start":{"line":65,"column":21},"end":{"line":65,"column":null}},"28":{"start":{"line":65,"column":16},"end":{"line":65,"column":null}},"29":{"start":{"line":67,"column":12},"end":{"line":67,"column":30}},"30":{"start":{"line":69,"column":12},"end":{"line":69,"column":27}},"31":{"start":{"line":70,"column":12},"end":{"line":70,"column":84}},"32":{"start":{"line":72,"column":12},"end":{"line":72,"column":39}},"33":{"start":{"line":77,"column":10},"end":{"line":93,"column":null}},"34":{"start":{"line":81,"column":21},"end":{"line":81,"column":52}},"35":{"start":{"line":81,"column":12},"end":{"line":81,"column":52}},"36":{"start":{"line":82,"column":16},"end":{"line":82,"column":66}},"37":{"start":{"line":83,"column":21},"end":{"line":83,"column":null}},"38":{"start":{"line":83,"column":16},"end":{"line":83,"column":null}},"39":{"start":{"line":85,"column":12},"end":{"line":85,"column":27}},"40":{"start":{"line":88,"column":12},"end":{"line":88,"column":27}},"41":{"start":{"line":89,"column":12},"end":{"line":89,"column":95}},"42":{"start":{"line":91,"column":12},"end":{"line":91,"column":39}},"43":{"start":{"line":95,"column":10},"end":{"line":110,"column":null}},"44":{"start":{"line":99,"column":21},"end":{"line":99,"column":52}},"45":{"start":{"line":99,"column":12},"end":{"line":99,"column":52}},"46":{"start":{"line":100,"column":16},"end":{"line":100,"column":202}},"47":{"start":{"line":101,"column":21},"end":{"line":101,"column":null}},"48":{"start":{"line":101,"column":16},"end":{"line":101,"column":null}},"49":{"start":{"line":103,"column":12},"end":{"line":103,"column":30}},"50":{"start":{"line":105,"column":12},"end":{"line":105,"column":27}},"51":{"start":{"line":106,"column":12},"end":{"line":106,"column":95}},"52":{"start":{"line":108,"column":12},"end":{"line":108,"column":39}},"53":{"start":{"line":111,"column":0},"end":{"line":111,"column":null}},"54":{"start":{"line":10,"column":13},"end":{"line":10,"column":22}}},"fnMap":{"0":{"name":"(anonymous_13)","decl":{"start":{"line":10,"column":0},"end":{"line":10,"column":13}},"loc":{"start":{"line":10,"column":0},"end":{"line":111,"column":null}}},"1":{"name":"(anonymous_15)","decl":{"start":{"line":16,"column":4},"end":{"line":16,"column":10}},"loc":{"start":{"line":16,"column":4},"end":{"line":30,"column":null}}},"2":{"name":"(anonymous_18)","decl":{"start":{"line":37,"column":4},"end":{"line":37,"column":10}},"loc":{"start":{"line":37,"column":28},"end":{"line":52,"column":null}}},"3":{"name":"(anonymous_21)","decl":{"start":{"line":59,"column":4},"end":{"line":59,"column":10}},"loc":{"start":{"line":59,"column":41},"end":{"line":74,"column":null}}},"4":{"name":"(anonymous_24)","decl":{"start":{"line":77,"column":4},"end":{"line":77,"column":10}},"loc":{"start":{"line":77,"column":38},"end":{"line":93,"column":null}}},"5":{"name":"(anonymous_27)","decl":{"start":{"line":95,"column":4},"end":{"line":95,"column":10}},"loc":{"start":{"line":95,"column":41},"end":{"line":110,"column":null}}}},"branchMap":{"0":{"loc":{"start":{"line":28,"column":12},"end":{"line":28,"column":18}},"type":"binary-expr","locations":[{"start":{"line":28,"column":12},"end":{"line":28,"column":18}},{"start":{"line":28,"column":22},"end":{"line":28,"column":38}}]},"1":{"loc":{"start":{"line":50,"column":12},"end":{"line":50,"column":18}},"type":"binary-expr","locations":[{"start":{"line":50,"column":12},"end":{"line":50,"column":18}},{"start":{"line":50,"column":22},"end":{"line":50,"column":38}}]},"2":{"loc":{"start":{"line":72,"column":12},"end":{"line":72,"column":18}},"type":"binary-expr","locations":[{"start":{"line":72,"column":12},"end":{"line":72,"column":18}},{"start":{"line":72,"column":22},"end":{"line":72,"column":38}}]},"3":{"loc":{"start":{"line":91,"column":12},"end":{"line":91,"column":18}},"type":"binary-expr","locations":[{"start":{"line":91,"column":12},"end":{"line":91,"column":18}},{"start":{"line":91,"column":22},"end":{"line":91,"column":38}}]},"4":{"loc":{"start":{"line":108,"column":12},"end":{"line":108,"column":18}},"type":"binary-expr","locations":[{"start":{"line":108,"column":12},"end":{"line":108,"column":18}},{"start":{"line":108,"column":22},"end":{"line":108,"column":38}}]}},"s":{"0":1,"1":1,"2":1,"3":1,"4":2,"5":2,"6":2,"7":2,"8":2,"9":2,"10":0,"11":0,"12":2,"13":1,"14":2,"15":2,"16":2,"17":2,"18":2,"19":2,"20":1,"21":1,"22":2,"23":1,"24":2,"25":2,"26":2,"27":2,"28":2,"29":2,"30":1,"31":1,"32":2,"33":1,"34":1,"35":1,"36":1,"37":1,"38":1,"39":1,"40":0,"41":0,"42":1,"43":1,"44":1,"45":1,"46":1,"47":1,"48":1,"49":1,"50":0,"51":0,"52":1,"53":1,"54":1},"f":{"0":2,"1":2,"2":2,"3":2,"4":1,"5":1},"b":{"0":[2,2],"1":[2,2],"2":[2,2],"3":[1,1],"4":[1,1]}}
,"C:\\Users\\wande\\Documents\\200406-java-react\\Kennedy_Wandelt_p1\\src\\repos\\user-repo.ts": {"path":"C:\\Users\\wande\\Documents\\200406-java-react\\Kennedy_Wandelt_p1\\src\\repos\\user-repo.ts","statementMap":{"0":{"start":{"line":4,"column":0},"end":{"line":4,"column":36}},"1":{"start":{"line":5,"column":0},"end":{"line":5,"column":52}},"2":{"start":{"line":11,"column":0},"end":{"line":11,"column":13}},"3":{"start":{"line":16,"column":10},"end":{"line":30,"column":null}},"4":{"start":{"line":19,"column":21},"end":{"line":19,"column":52}},"5":{"start":{"line":19,"column":12},"end":{"line":19,"column":52}},"6":{"start":{"line":20,"column":16},"end":{"line":20,"column":44}},"7":{"start":{"line":21,"column":21},"end":{"line":21,"column":null}},"8":{"start":{"line":21,"column":16},"end":{"line":21,"column":null}},"9":{"start":{"line":23,"column":12},"end":{"line":23,"column":27}},"10":{"start":{"line":25,"column":12},"end":{"line":25,"column":27}},"11":{"start":{"line":26,"column":12},"end":{"line":26,"column":80}},"12":{"start":{"line":28,"column":12},"end":{"line":28,"column":39}},"13":{"start":{"line":37,"column":10},"end":{"line":52,"column":null}},"14":{"start":{"line":41,"column":21},"end":{"line":41,"column":52}},"15":{"start":{"line":41,"column":12},"end":{"line":41,"column":52}},"16":{"start":{"line":42,"column":16},"end":{"line":42,"column":null}},"17":{"start":{"line":43,"column":21},"end":{"line":43,"column":null}},"18":{"start":{"line":43,"column":16},"end":{"line":43,"column":null}},"19":{"start":{"line":45,"column":12},"end":{"line":45,"column":38}},"20":{"start":{"line":47,"column":12},"end":{"line":47,"column":27}},"21":{"start":{"line":48,"column":12},"end":{"line":48,"column":86}},"22":{"start":{"line":50,"column":12},"end":{"line":50,"column":39}},"23":{"start":{"line":59,"column":10},"end":{"line":76,"column":null}},"24":{"start":{"line":63,"column":21},"end":{"line":63,"column":52}},"25":{"start":{"line":63,"column":12},"end":{"line":63,"column":52}},"26":{"start":{"line":64,"column":16},"end":{"line":64,"column":142}},"27":{"start":{"line":65,"column":21},"end":{"line":65,"column":null}},"28":{"start":{"line":65,"column":16},"end":{"line":65,"column":null}},"29":{"start":{"line":66,"column":16},"end":{"line":66,"column":65}},"30":{"start":{"line":67,"column":22},"end":{"line":67,"column":null}},"31":{"start":{"line":67,"column":16},"end":{"line":67,"column":null}},"32":{"start":{"line":69,"column":12},"end":{"line":69,"column":39}},"33":{"start":{"line":71,"column":12},"end":{"line":71,"column":27}},"34":{"start":{"line":72,"column":12},"end":{"line":72,"column":83}},"35":{"start":{"line":74,"column":12},"end":{"line":74,"column":39}},"36":{"start":{"line":83,"column":10},"end":{"line":98,"column":null}},"37":{"start":{"line":87,"column":21},"end":{"line":87,"column":52}},"38":{"start":{"line":87,"column":12},"end":{"line":87,"column":52}},"39":{"start":{"line":88,"column":16},"end":{"line":88,"column":69}},"40":{"start":{"line":89,"column":21},"end":{"line":89,"column":null}},"41":{"start":{"line":89,"column":16},"end":{"line":89,"column":null}},"42":{"start":{"line":91,"column":12},"end":{"line":91,"column":24}},"43":{"start":{"line":93,"column":12},"end":{"line":93,"column":27}},"44":{"start":{"line":94,"column":12},"end":{"line":94,"column":88}},"45":{"start":{"line":96,"column":12},"end":{"line":96,"column":39}},"46":{"start":{"line":100,"column":10},"end":{"line":115,"column":null}},"47":{"start":{"line":104,"column":21},"end":{"line":104,"column":52}},"48":{"start":{"line":104,"column":12},"end":{"line":104,"column":52}},"49":{"start":{"line":105,"column":16},"end":{"line":105,"column":82}},"50":{"start":{"line":106,"column":21},"end":{"line":106,"column":null}},"51":{"start":{"line":106,"column":16},"end":{"line":106,"column":null}},"52":{"start":{"line":108,"column":12},"end":{"line":108,"column":38}},"53":{"start":{"line":110,"column":12},"end":{"line":110,"column":27}},"54":{"start":{"line":111,"column":12},"end":{"line":111,"column":92}},"55":{"start":{"line":113,"column":12},"end":{"line":113,"column":39}},"56":{"start":{"line":117,"column":10},"end":{"line":132,"column":null}},"57":{"start":{"line":121,"column":21},"end":{"line":121,"column":52}},"58":{"start":{"line":121,"column":12},"end":{"line":121,"column":52}},"59":{"start":{"line":122,"column":16},"end":{"line":122,"column":58}},"60":{"start":{"line":123,"column":21},"end":{"line":123,"column":null}},"61":{"start":{"line":123,"column":16},"end":{"line":123,"column":null}},"62":{"start":{"line":125,"column":12},"end":{"line":125,"column":34}},"63":{"start":{"line":127,"column":12},"end":{"line":127,"column":27}},"64":{"start":{"line":128,"column":12},"end":{"line":128,"column":89}},"65":{"start":{"line":130,"column":12},"end":{"line":130,"column":39}},"66":{"start":{"line":134,"column":10},"end":{"line":149,"column":null}},"67":{"start":{"line":138,"column":21},"end":{"line":138,"column":52}},"68":{"start":{"line":138,"column":12},"end":{"line":138,"column":52}},"69":{"start":{"line":139,"column":16},"end":{"line":139,"column":161}},"70":{"start":{"line":140,"column":21},"end":{"line":140,"column":null}},"71":{"start":{"line":140,"column":16},"end":{"line":140,"column":null}},"72":{"start":{"line":142,"column":12},"end":{"line":142,"column":38}},"73":{"start":{"line":144,"column":12},"end":{"line":144,"column":27}},"74":{"start":{"line":145,"column":12},"end":{"line":145,"column":95}},"75":{"start":{"line":147,"column":12},"end":{"line":147,"column":39}},"76":{"start":{"line":152,"column":0},"end":{"line":152,"column":null}},"77":{"start":{"line":11,"column":13},"end":{"line":11,"column":21}}},"fnMap":{"0":{"name":"(anonymous_13)","decl":{"start":{"line":11,"column":0},"end":{"line":11,"column":13}},"loc":{"start":{"line":11,"column":0},"end":{"line":152,"column":null}}},"1":{"name":"(anonymous_15)","decl":{"start":{"line":16,"column":4},"end":{"line":16,"column":10}},"loc":{"start":{"line":16,"column":4},"end":{"line":30,"column":null}}},"2":{"name":"(anonymous_18)","decl":{"start":{"line":37,"column":4},"end":{"line":37,"column":10}},"loc":{"start":{"line":37,"column":28},"end":{"line":52,"column":null}}},"3":{"name":"(anonymous_21)","decl":{"start":{"line":59,"column":4},"end":{"line":59,"column":10}},"loc":{"start":{"line":59,"column":31},"end":{"line":76,"column":null}}},"4":{"name":"(anonymous_24)","decl":{"start":{"line":83,"column":4},"end":{"line":83,"column":10}},"loc":{"start":{"line":83,"column":31},"end":{"line":98,"column":null}}},"5":{"name":"(anonymous_27)","decl":{"start":{"line":100,"column":4},"end":{"line":100,"column":10}},"loc":{"start":{"line":100,"column":49},"end":{"line":115,"column":null}}},"6":{"name":"(anonymous_30)","decl":{"start":{"line":117,"column":4},"end":{"line":117,"column":10}},"loc":{"start":{"line":117,"column":55},"end":{"line":132,"column":null}}},"7":{"name":"(anonymous_33)","decl":{"start":{"line":134,"column":4},"end":{"line":134,"column":10}},"loc":{"start":{"line":134,"column":31},"end":{"line":149,"column":null}}}},"branchMap":{"0":{"loc":{"start":{"line":28,"column":12},"end":{"line":28,"column":18}},"type":"binary-expr","locations":[{"start":{"line":28,"column":12},"end":{"line":28,"column":18}},{"start":{"line":28,"column":22},"end":{"line":28,"column":38}}]},"1":{"loc":{"start":{"line":50,"column":12},"end":{"line":50,"column":18}},"type":"binary-expr","locations":[{"start":{"line":50,"column":12},"end":{"line":50,"column":18}},{"start":{"line":50,"column":22},"end":{"line":50,"column":38}}]},"2":{"loc":{"start":{"line":74,"column":12},"end":{"line":74,"column":18}},"type":"binary-expr","locations":[{"start":{"line":74,"column":12},"end":{"line":74,"column":18}},{"start":{"line":74,"column":22},"end":{"line":74,"column":38}}]},"3":{"loc":{"start":{"line":96,"column":12},"end":{"line":96,"column":18}},"type":"binary-expr","locations":[{"start":{"line":96,"column":12},"end":{"line":96,"column":18}},{"start":{"line":96,"column":22},"end":{"line":96,"column":38}}]},"4":{"loc":{"start":{"line":113,"column":12},"end":{"line":113,"column":18}},"type":"binary-expr","locations":[{"start":{"line":113,"column":12},"end":{"line":113,"column":18}},{"start":{"line":113,"column":22},"end":{"line":113,"column":38}}]},"5":{"loc":{"start":{"line":130,"column":12},"end":{"line":130,"column":18}},"type":"binary-expr","locations":[{"start":{"line":130,"column":12},"end":{"line":130,"column":18}},{"start":{"line":130,"column":22},"end":{"line":130,"column":38}}]},"6":{"loc":{"start":{"line":147,"column":12},"end":{"line":147,"column":18}},"type":"binary-expr","locations":[{"start":{"line":147,"column":12},"end":{"line":147,"column":18}},{"start":{"line":147,"column":22},"end":{"line":147,"column":38}}]}},"s":{"0":1,"1":1,"2":1,"3":1,"4":2,"5":2,"6":2,"7":2,"8":2,"9":2,"10":0,"11":0,"12":2,"13":1,"14":2,"15":2,"16":2,"17":2,"18":2,"19":2,"20":1,"21":1,"22":2,"23":1,"24":2,"25":2,"26":2,"27":2,"28":2,"29":2,"30":2,"31":2,"32":2,"33":1,"34":1,"35":2,"36":1,"37":1,"38":1,"39":1,"40":1,"41":1,"42":1,"43":0,"44":0,"45":1,"46":1,"47":2,"48":2,"49":2,"50":2,"51":2,"52":2,"53":1,"54":1,"55":2,"56":1,"57":2,"58":2,"59":2,"60":2,"61":2,"62":2,"63":1,"64":1,"65":2,"66":1,"67":1,"68":1,"69":1,"70":1,"71":1,"72":1,"73":0,"74":0,"75":1,"76":1,"77":1},"f":{"0":2,"1":2,"2":2,"3":2,"4":1,"5":2,"6":2,"7":1},"b":{"0":[2,2],"1":[2,2],"2":[2,2],"3":[1,1],"4":[2,2],"5":[2,2],"6":[1,1]}}
}
