TN:
SF:src\error\error.ts
FN:1,(anonymous_6)
FN:8,ApplicationError
FN:15,(anonymous_8)
FN:21,(anonymous_9)
FN:23,ResourceNotFoundError
FN:30,(anonymous_11)
FN:32,BadRequestError
FN:39,(anonymous_13)
FN:41,DataPersistanceError
FN:47,(anonymous_15)
FN:49,InternalServerError
FN:55,(anonymous_17)
FN:57,AuthenticationError
FN:63,(anonymous_19)
FN:65,AuthorizationError
FNF:15
FNH:10
FNDA:2,(anonymous_6)
FNDA:6,ApplicationError
FNDA:6,(anonymous_8)
FNDA:2,(anonymous_9)
FNDA:0,ResourceNotFoundError
FNDA:2,(anonymous_11)
FNDA:0,BadRequestError
FNDA:2,(anonymous_13)
FNDA:0,DataPersistanceError
FNDA:2,(anonymous_15)
FNDA:6,InternalServerError
FNDA:2,(anonymous_17)
FNDA:0,AuthenticationError
FNDA:2,(anonymous_19)
FNDA:0,AuthorizationError
DA:1,2
DA:9,6
DA:10,6
DA:11,6
DA:12,6
DA:15,2
DA:16,6
DA:18,2
DA:21,2
DA:24,0
DA:25,0
DA:27,2
DA:30,2
DA:33,0
DA:34,0
DA:36,2
DA:39,2
DA:42,0
DA:43,0
DA:45,2
DA:47,2
DA:50,6
DA:51,6
DA:53,2
DA:55,2
DA:58,0
DA:59,0
DA:61,2
DA:63,2
DA:66,0
DA:67,0
DA:69,2
DA:72,2
DA:73,2
DA:74,2
DA:75,2
DA:76,2
DA:77,2
LF:38
LH:28
BRDA:12,0,0,6
BRDA:12,0,1,0
BRDA:24,1,0,0
BRDA:24,1,1,0
BRDA:33,2,0,0
BRDA:33,2,1,0
BRDA:42,3,0,0
BRDA:42,3,1,0
BRDA:50,4,0,6
BRDA:50,4,1,6
BRDA:58,5,0,0
BRDA:58,5,1,0
BRDA:66,6,0,0
BRDA:66,6,1,0
BRF:14
BRH:3
end_of_record
TN:
SF:src\models\newReimb.ts
FN:1,(anonymous_0)
FN:10,NewReimbursement
FNF:2
FNH:2
FNDA:1,(anonymous_0)
FNDA:2,NewReimbursement
DA:1,1
DA:11,2
DA:12,2
DA:13,2
DA:14,2
DA:15,2
DA:16,2
DA:18,1
LF:8
LH:8
BRF:0
BRH:0
end_of_record
TN:
SF:src\models\newUser.ts
FN:1,(anonymous_0)
FN:10,NewUser
FNF:2
FNH:2
FNDA:1,(anonymous_0)
FNDA:2,NewUser
DA:1,1
DA:11,2
DA:12,2
DA:13,2
DA:14,2
DA:15,2
DA:16,2
DA:18,1
LF:8
LH:8
BRF:0
BRH:0
end_of_record
TN:
SF:src\models\reimb.ts
FN:1,(anonymous_0)
FN:13,Reimbursement
FNF:2
FNH:2
FNDA:1,(anonymous_0)
FNDA:1,Reimbursement
DA:1,1
DA:14,1
DA:15,1
DA:16,1
DA:17,1
DA:18,1
DA:19,1
DA:20,1
DA:21,1
DA:22,1
DA:24,1
LF:11
LH:11
BRF:0
BRH:0
end_of_record
TN:
SF:src\models\user.ts
FN:1,(anonymous_0)
FN:11,User
FNF:2
FNH:2
FNDA:1,(anonymous_0)
FNDA:1,User
DA:1,1
DA:12,1
DA:13,1
DA:14,1
DA:15,1
DA:16,1
DA:17,1
DA:18,1
DA:20,1
LF:9
LH:9
BRF:0
BRH:0
end_of_record
TN:
SF:src\repos\reimb-repo.ts
FN:10,(anonymous_13)
FN:16,(anonymous_15)
FN:37,(anonymous_18)
FN:59,(anonymous_21)
FN:77,(anonymous_24)
FN:95,(anonymous_27)
FNF:6
FNH:6
FNDA:2,(anonymous_13)
FNDA:2,(anonymous_15)
FNDA:2,(anonymous_18)
FNDA:2,(anonymous_21)
FNDA:1,(anonymous_24)
FNDA:1,(anonymous_27)
DA:4,1
DA:5,1
DA:10,1
DA:16,1
DA:19,2
DA:20,2
DA:21,2
DA:23,2
DA:25,0
DA:26,0
DA:28,2
DA:37,1
DA:41,2
DA:42,2
DA:43,2
DA:45,2
DA:47,1
DA:48,1
DA:50,2
DA:59,1
DA:63,2
DA:64,2
DA:65,2
DA:67,2
DA:69,1
DA:70,1
DA:72,2
DA:77,1
DA:81,1
DA:82,1
DA:83,1
DA:85,1
DA:88,0
DA:89,0
DA:91,1
DA:95,1
DA:99,1
DA:100,1
DA:101,1
DA:103,1
DA:105,0
DA:106,0
DA:108,1
DA:111,1
LF:44
LH:38
BRDA:28,0,0,2
BRDA:28,0,1,2
BRDA:50,1,0,2
BRDA:50,1,1,2
BRDA:72,2,0,2
BRDA:72,2,1,2
BRDA:91,3,0,1
BRDA:91,3,1,1
BRDA:108,4,0,1
BRDA:108,4,1,1
BRF:10
BRH:10
end_of_record
TN:
SF:src\repos\user-repo.ts
FN:11,(anonymous_13)
FN:16,(anonymous_15)
FN:37,(anonymous_18)
FN:59,(anonymous_21)
FN:83,(anonymous_24)
FN:100,(anonymous_27)
FN:117,(anonymous_30)
FN:134,(anonymous_33)
FNF:8
FNH:8
FNDA:2,(anonymous_13)
FNDA:2,(anonymous_15)
FNDA:2,(anonymous_18)
FNDA:2,(anonymous_21)
FNDA:1,(anonymous_24)
FNDA:2,(anonymous_27)
FNDA:2,(anonymous_30)
FNDA:1,(anonymous_33)
DA:4,1
DA:5,1
DA:11,1
DA:16,1
DA:19,2
DA:20,2
DA:21,2
DA:23,2
DA:25,0
DA:26,0
DA:28,2
DA:37,1
DA:41,2
DA:42,2
DA:43,2
DA:45,2
DA:47,1
DA:48,1
DA:50,2
DA:59,1
DA:63,2
DA:64,2
DA:65,2
DA:66,2
DA:67,2
DA:69,2
DA:71,1
DA:72,1
DA:74,2
DA:83,1
DA:87,1
DA:88,1
DA:89,1
DA:91,1
DA:93,0
DA:94,0
DA:96,1
DA:100,1
DA:104,2
DA:105,2
DA:106,2
DA:108,2
DA:110,1
DA:111,1
DA:113,2
DA:117,1
DA:121,2
DA:122,2
DA:123,2
DA:125,2
DA:127,1
DA:128,1
DA:130,2
DA:134,1
DA:138,1
DA:139,1
DA:140,1
DA:142,1
DA:144,0
DA:145,0
DA:147,1
DA:152,1
LF:62
LH:56
BRDA:28,0,0,2
BRDA:28,0,1,2
BRDA:50,1,0,2
BRDA:50,1,1,2
BRDA:74,2,0,2
BRDA:74,2,1,2
BRDA:96,3,0,1
BRDA:96,3,1,1
BRDA:113,4,0,2
BRDA:113,4,1,2
BRDA:130,5,0,2
BRDA:130,5,1,2
BRDA:147,6,0,1
BRDA:147,6,1,1
BRF:14
BRH:14
end_of_record
