TN:
SF:src\error\error.ts
FN:1,(anonymous_6)
FN:8,ApplicationError
FN:15,(anonymous_8)
FN:21,(anonymous_9)
FN:23,ResourceNotFoundError
FN:30,(anonymous_11)
FN:32,BadRequestError
FN:39,(anonymous_13)
FN:41,DataPersistanceError
FN:47,(anonymous_15)
FN:49,InternalServerError
FN:55,(anonymous_17)
FN:57,AuthenticationError
FN:63,(anonymous_19)
FN:65,AuthorizationError
FNF:15
FNH:12
FNDA:4,(anonymous_6)
FNDA:13,ApplicationError
FNDA:13,(anonymous_8)
FNDA:4,(anonymous_9)
FNDA:2,ResourceNotFoundError
FNDA:4,(anonymous_11)
FNDA:5,BadRequestError
FNDA:4,(anonymous_13)
FNDA:0,DataPersistanceError
FNDA:4,(anonymous_15)
FNDA:6,InternalServerError
FNDA:4,(anonymous_17)
FNDA:0,AuthenticationError
FNDA:4,(anonymous_19)
FNDA:0,AuthorizationError
DA:1,4
DA:9,13
DA:10,13
DA:11,13
DA:12,13
DA:15,4
DA:16,13
DA:18,4
DA:21,4
DA:24,2
DA:25,2
DA:27,4
DA:30,4
DA:33,5
DA:34,5
DA:36,4
DA:39,4
DA:42,0
DA:43,0
DA:45,4
DA:47,4
DA:50,6
DA:51,6
DA:53,4
DA:55,4
DA:58,0
DA:59,0
DA:61,4
DA:63,4
DA:66,0
DA:67,0
DA:69,4
DA:72,4
DA:73,4
DA:74,4
DA:75,4
DA:76,4
DA:77,4
LF:38
LH:32
BRDA:12,0,0,13
BRDA:12,0,1,0
BRDA:24,1,0,2
BRDA:24,1,1,2
BRDA:33,2,0,5
BRDA:33,2,1,5
BRDA:42,3,0,0
BRDA:42,3,1,0
BRDA:50,4,0,6
BRDA:50,4,1,6
BRDA:58,5,0,0
BRDA:58,5,1,0
BRDA:66,6,0,0
BRDA:66,6,1,0
BRF:14
BRH:7
end_of_record
TN:
SF:src\models\newReimb.ts
FN:1,(anonymous_0)
FN:10,NewReimbursement
FNF:2
FNH:2
FNDA:2,(anonymous_0)
FNDA:4,NewReimbursement
DA:1,2
DA:11,4
DA:12,4
DA:13,4
DA:14,4
DA:15,4
DA:16,4
DA:18,2
LF:8
LH:8
BRF:0
BRH:0
end_of_record
TN:
SF:src\models\newUser.ts
FN:1,(anonymous_0)
FN:10,NewUser
FNF:2
FNH:2
FNDA:2,(anonymous_0)
FNDA:4,NewUser
DA:1,2
DA:11,4
DA:12,4
DA:13,4
DA:14,4
DA:15,4
DA:16,4
DA:18,2
LF:8
LH:8
BRF:0
BRH:0
end_of_record
TN:
SF:src\models\reimb.ts
FN:1,(anonymous_0)
FN:13,Reimbursement
FNF:2
FNH:2
FNDA:2,(anonymous_0)
FNDA:7,Reimbursement
DA:1,2
DA:14,7
DA:15,7
DA:16,7
DA:17,7
DA:18,7
DA:19,7
DA:20,7
DA:21,7
DA:22,7
DA:24,2
LF:11
LH:11
BRF:0
BRH:0
end_of_record
TN:
SF:src\models\user.ts
FN:1,(anonymous_0)
FN:11,User
FNF:2
FNH:2
FNDA:2,(anonymous_0)
FNDA:7,User
DA:1,2
DA:12,7
DA:13,7
DA:14,7
DA:15,7
DA:16,7
DA:17,7
DA:18,7
DA:20,2
LF:9
LH:9
BRF:0
BRH:0
end_of_record
TN:
SF:src\repos\reimb-repo.ts
FN:10,(anonymous_13)
FN:16,(anonymous_15)
FN:37,(anonymous_18)
FN:59,(anonymous_21)
FN:77,(anonymous_24)
FN:95,(anonymous_27)
FNF:6
FNH:6
FNDA:2,(anonymous_13)
FNDA:2,(anonymous_15)
FNDA:2,(anonymous_18)
FNDA:2,(anonymous_21)
FNDA:1,(anonymous_24)
FNDA:1,(anonymous_27)
DA:4,1
DA:5,1
DA:10,1
DA:16,1
DA:19,2
DA:20,2
DA:21,2
DA:23,2
DA:26,0
DA:28,2
DA:37,1
DA:41,2
DA:42,2
DA:43,2
DA:45,2
DA:48,1
DA:50,2
DA:59,1
DA:63,2
DA:64,2
DA:65,2
DA:67,2
DA:70,1
DA:72,2
DA:77,1
DA:81,1
DA:82,1
DA:83,1
DA:85,1
DA:89,0
DA:91,1
DA:95,1
DA:99,1
DA:100,1
DA:101,1
DA:103,1
DA:106,0
DA:108,1
DA:111,1
LF:39
LH:36
BRDA:28,0,0,2
BRDA:28,0,1,2
BRDA:50,1,0,2
BRDA:50,1,1,2
BRDA:72,2,0,2
BRDA:72,2,1,2
BRDA:91,3,0,1
BRDA:91,3,1,1
BRDA:108,4,0,1
BRDA:108,4,1,1
BRF:10
BRH:10
end_of_record
TN:
SF:src\repos\user-repo.ts
FN:11,(anonymous_13)
FN:16,(anonymous_15)
FN:37,(anonymous_18)
FN:59,(anonymous_21)
FN:83,(anonymous_24)
FN:100,(anonymous_27)
FN:117,(anonymous_30)
FN:134,(anonymous_33)
FNF:8
FNH:8
FNDA:2,(anonymous_13)
FNDA:2,(anonymous_15)
FNDA:2,(anonymous_18)
FNDA:2,(anonymous_21)
FNDA:1,(anonymous_24)
FNDA:2,(anonymous_27)
FNDA:2,(anonymous_30)
FNDA:1,(anonymous_33)
DA:4,1
DA:5,1
DA:11,1
DA:16,1
DA:19,2
DA:20,2
DA:21,2
DA:23,2
DA:26,0
DA:28,2
DA:37,1
DA:41,2
DA:42,2
DA:43,2
DA:45,2
DA:48,1
DA:50,2
DA:59,1
DA:63,2
DA:64,2
DA:65,2
DA:66,2
DA:67,2
DA:69,2
DA:72,1
DA:74,2
DA:83,1
DA:87,1
DA:88,1
DA:89,1
DA:91,1
DA:94,0
DA:96,1
DA:100,1
DA:104,2
DA:105,2
DA:106,2
DA:108,2
DA:111,1
DA:113,2
DA:117,1
DA:121,2
DA:122,2
DA:123,2
DA:125,2
DA:128,1
DA:130,2
DA:134,1
DA:138,1
DA:139,1
DA:140,1
DA:142,1
DA:145,0
DA:147,1
DA:152,1
LF:55
LH:52
BRDA:28,0,0,2
BRDA:28,0,1,2
BRDA:50,1,0,2
BRDA:50,1,1,2
BRDA:74,2,0,2
BRDA:74,2,1,2
BRDA:96,3,0,1
BRDA:96,3,1,1
BRDA:113,4,0,2
BRDA:113,4,1,2
BRDA:130,5,0,2
BRDA:130,5,1,2
BRDA:147,6,0,1
BRDA:147,6,1,1
BRF:14
BRH:14
end_of_record
TN:
SF:src\services\reimb-service.ts
FN:9,(anonymous_13)
FN:10,ReimbService
FN:14,(anonymous_15)
FN:23,(anonymous_18)
FN:36,(anonymous_21)
FN:48,(anonymous_24)
FN:63,(anonymous_27)
FNF:7
FNH:7
FNDA:1,(anonymous_13)
FNDA:8,ReimbService
FNDA:2,(anonymous_15)
FNDA:1,(anonymous_18)
FNDA:2,(anonymous_21)
FNDA:1,(anonymous_24)
FNDA:2,(anonymous_27)
DA:4,1
DA:7,1
DA:9,1
DA:10,8
DA:11,8
DA:14,1
DA:15,2
DA:17,2
DA:18,1
DA:20,1
DA:23,1
DA:24,1
DA:25,0
DA:28,1
DA:30,1
DA:31,0
DA:33,1
DA:36,1
DA:38,2
DA:39,1
DA:42,1
DA:44,1
DA:48,1
DA:50,1
DA:51,0
DA:54,1
DA:56,1
DA:57,0
DA:60,1
DA:63,1
DA:65,2
DA:66,1
DA:70,1
DA:71,0
DA:74,1
DA:75,0
DA:77,1
DA:79,1
DA:81,1
LF:39
LH:33
BRDA:15,0,0,2
BRDA:17,1,0,1
BRDA:17,1,1,1
BRDA:24,2,0,0
BRDA:24,2,1,1
BRDA:30,3,0,0
BRDA:30,3,1,1
BRDA:38,4,0,1
BRDA:38,4,1,1
BRDA:50,5,0,0
BRDA:50,5,1,1
BRDA:56,6,0,0
BRDA:56,6,1,1
BRDA:65,7,0,1
BRDA:65,7,1,1
BRDA:70,8,0,0
BRDA:70,8,1,1
BRDA:70,9,0,1
BRDA:70,9,1,1
BRDA:74,10,0,0
BRDA:74,10,1,1
BRDA:74,11,0,1
BRDA:74,11,1,1
BRF:23
BRH:17
end_of_record
TN:
SF:src\services\user-service.ts
FN:12,(anonymous_13)
FN:13,UserService
FN:17,(anonymous_15)
FN:26,(anonymous_18)
FN:36,(anonymous_21)
FN:62,(anonymous_24)
FN:71,(anonymous_27)
FN:83,(anonymous_30)
FNF:8
FNH:8
FNDA:1,(anonymous_13)
FNDA:10,UserService
FNDA:2,(anonymous_15)
FNDA:1,(anonymous_18)
FNDA:2,(anonymous_21)
FNDA:1,(anonymous_24)
FNDA:2,(anonymous_27)
FNDA:2,(anonymous_30)
DA:4,1
DA:8,1
DA:12,1
DA:13,10
DA:14,10
DA:17,1
DA:18,2
DA:20,2
DA:21,1
DA:23,1
DA:26,1
DA:28,1
DA:30,1
DA:31,0
DA:33,1
DA:36,1
DA:38,2
DA:39,1
DA:42,1
DA:44,1
DA:47,1
DA:48,0
DA:51,1
DA:53,1
DA:54,0
DA:57,1
DA:59,1
DA:62,1
DA:63,1
DA:64,0
DA:66,1
DA:68,1
DA:71,1
DA:74,2
DA:75,1
DA:78,1
DA:80,1
DA:83,1
DA:85,2
DA:86,1
DA:89,2
DA:91,1
DA:93,1
LF:43
LH:39
BRDA:18,0,0,2
BRDA:20,1,0,1
BRDA:20,1,1,1
BRDA:28,2,0,1
BRDA:30,3,0,0
BRDA:30,3,1,1
BRDA:38,4,0,1
BRDA:38,4,1,1
BRDA:47,5,0,0
BRDA:47,5,1,1
BRDA:53,6,0,0
BRDA:53,6,1,1
BRDA:63,7,0,0
BRDA:63,7,1,1
BRDA:74,8,0,1
BRDA:74,8,1,1
BRDA:74,9,0,2
BRDA:74,9,1,1
BRDA:85,10,0,1
BRDA:85,10,1,1
BRF:20
BRH:16
end_of_record
TN:
SF:src\util\validation.ts
FN:5,isEmptyObject
FN:14,(anonymous_1)
FN:15,(anonymous_2)
FN:25,(anonymous_3)
FN:26,(anonymous_4)
FN:29,(anonymous_5)
FNF:6
FNH:6
FNDA:2,isEmptyObject
FNDA:8,(anonymous_1)
FNDA:33,(anonymous_2)
FNDA:3,(anonymous_3)
FNDA:3,(anonymous_4)
FNDA:5,(anonymous_5)
DA:5,2
DA:6,2
DA:14,20
DA:15,8
DA:16,33
DA:17,31
DA:25,9
DA:26,3
DA:29,2
DA:30,5
DA:31,0
DA:32,5
DA:33,5
DA:37,2
LF:14
LH:13
BRDA:6,0,0,2
BRDA:6,0,1,2
BRDA:15,1,0,8
BRDA:15,1,1,8
BRDA:16,2,0,2
BRDA:16,2,1,31
BRDA:16,3,0,33
BRDA:16,3,1,33
BRDA:26,4,0,3
BRDA:26,4,1,2
BRDA:30,5,0,0
BRDA:30,5,1,5
BRDA:32,6,0,5
BRDA:32,6,1,0
BRF:14
BRH:12
end_of_record
